

XZAO125_Liste_Eqt_Synoptique
XZAO130_Liste_Influences
XZAO306_Liste_RADT
XZAO124_Liste_PMV_Synoptique
XZAO418_Liste_PAL_Synoptique
XZAO250_Liste_PMVA_Synoptique

icfg_cfg.c:  if ( XZAO316_Liste_Sens_Autoroute( vm_base , MTCG_SvgTabAuto ) != XDC_OK )
icfg_dist.c:  if ( XZAO148_Liste_Portions_District( vm_base , pm_nom_vue , MTCG02_Ajouter_Portion , &vl_result)== XDC_NOK )
icfg_dist.c:  if ( XZAO148_Liste_Portions_District( vm_base , pm_nom_vue , MTCG02_Ajouter_Portion_Eqt , &vl_result)== XDC_NOK )
icfg_dist.c:  if ( XZAO133_Liste_Villes ( vm_base , MTCG01_Ajouter_Ville , &vl_result ) == XDC_NOK )
icfg_dist.c:  if ( XZAO501_Liste_Portions_District( vm_base , vl_filtredistrict , MTCG02_Ajouter_Portion , &vl_result)== XDC_NOK )
icfg_dist.c:  if ( XZAO501_Liste_Portions_District( vm_base , vl_filtredistrict , MTCG02_Ajouter_Portion_Eqt , &vl_result)== XDC_NOK )
icfg_dist.c:  if ( XZAO133_Liste_Villes ( vm_base , MTCG01_Ajouter_Ville , &vl_result ) == XDC_NOK )
icfg_dist.c:  if ( XZAO125_Liste_Eqt_Synoptique( vm_base , NULL , va_portion.NumeroPortion , XDC_EQT_NAV, MTCG01_Ajouter_NAV , &vl_result) == XDC_NOK )
icfg_dist.c:  if (  XZAO125_Liste_Eqt_Synoptique( vm_base , NULL , va_portion.NumeroPortion , XDC_EQT_PAU, MTCG01_Ajouter_PAU , &vl_result) == XDC_NOK )
icfg_dist.c:  if ( XZAO125_Liste_Eqt_Synoptique( vm_base , NULL , va_portion.NumeroPortion , XDC_EQT_ANA, MTCG01_Ajouter_DAI, &vl_result ) == XDC_NOK )
icfg_dist.c:  if ( XZAO130_Liste_Influences( vm_base , NULL , va_portion.NumeroPortion , MTCG01_Ajouter_Zone_RADT , &vl_result) == XDC_NOK )
icfg_dist.c:  if ( XZAO306_Liste_RADT( vm_base , NULL , va_portion.NumeroPortion , MTCG01_Ajouter_RADT , &vl_result) == XDC_NOK )
icfg_dist.c:  if ( XZAO124_Liste_PMV_Synoptique( vm_base , NULL , va_portion.NumeroPortion , MTCG03_Ajouter_PMV , &vl_result) == XDC_NOK )
icfg_dist.c:  if ( XZAO149_Liste_Echangeurs_Synoptique( vm_base , va_portion.NumeroPortion , NULL , MTCG01_Ajouter_Echangeur , &vl_result) == XDC_NOK )
icfg_dist.c:  if ( XZAO129_Liste_Peages( vm_base , NULL , va_portion.NumeroPortion , MTCG01_Ajouter_Barriere_Peage , &vl_result) == XDC_NOK )
icfg_dist.c:  if ( XZAO147_Liste_ITPC( vm_base , NULL , va_portion.NumeroPortion , MTCG01_Ajouter_ITPC , &vl_result) == XDC_NOK )
icfg_dist.c:  if ( XZAO418_Liste_PAL_Synoptique( vm_base , NULL , va_portion.NumeroPortion , MTCG03_Ajouter_PANALT , &vl_result) == XDC_NOK )
icfg_dist.c:  if ( XZAO125_Liste_Eqt_Synoptique( vm_base , NULL , va_portion.NumeroPortion , XDC_EQT_FAU, MTCG03_Ajouter_Fermeture_Autoroute , &vl_result) == XDC_NOK )
icfg_dist.c:  if ( XZAO250_Liste_PMVA_Synoptique( vm_base , NULL , va_portion.NumeroPortion , MTCG02_Ajouter_PMVA , &vl_result) == XDC_NOK )
icfg_dist.c:  if ( XZAO125_Liste_Eqt_Synoptique( vm_base , NULL , va_portion.NumeroPortion , XDC_EQT_BAF, MTCG01_Ajouter_BAF, &vl_result) == XDC_NOK )
icfg_dist.c:  if ( XZAO125_Liste_Eqt_Synoptique( vm_base , NULL , va_portion.NumeroPortion , XDC_EQT_BAD, MTCG01_Ajouter_BAD, &vl_result) == XDC_NOK )
icfg_ech.c:  if ( XZAO149_Liste_Echangeurs_Synoptique( vm_base , NULL , pa_nom_vue , MTCG05_Construction_Echangeur , &vl_result) == XDC_NOK )
icfg_ech.c:  if ( XZAO306_Liste_RADT(vm_base , pm_nom_vue , NULL , MTCG05_Afficher_RADT ,&vl_result ) == XDC_NOK )
icfg_ech.c:  if ( XZAO125_Liste_Eqt_Synoptique( vm_base , pm_nom_vue , NULL , XDC_EQT_CAM, MTCG05_Ajouter_Camera ,&vl_result ) == XDC_NOK )
icfg_ech.c:  if (  XZAO125_Liste_Eqt_Synoptique( vm_base , pm_nom_vue , NULL , XDC_EQT_PAU, MTCG05_Ajouter_PAU ,&vl_result ) == XDC_NOK )
icfg_ech.c:  if ( XZAO125_Liste_Eqt_Synoptique( vm_base , pm_nom_vue , NULL , XDC_EQT_ANA, MTCG05_Ajouter_DAI ,&vl_result ) == XDC_NOK )
icfg_ech.c:  if ( XZAO306_Liste_RADT(vm_base , pm_nom_vue , NULL , MTCG05_Ajouter_RADT ,&vl_result ) == XDC_NOK )
icfg_ech.c:  if ( XZAO125_Liste_Eqt_Synoptique( vm_base , pm_nom_vue , NULL , XDC_EQT_ECH, MTCG05_Ajouter_Signal ,&vl_result ) == XDC_NOK )
icfg_ech.c:  if (  XZAO125_Liste_Eqt_Synoptique( vm_base , pm_nom_vue , NULL , XDC_EQT_FAC, MTCG05_Ajouter_Fermeture_Acces ,&vl_result ) == XDC_NOK )
icfg_ech.c:  if ( XZAO250_Liste_PMVA_Synoptique( vm_base , pm_nom_vue , NULL , MTCG05_Ajouter_PMVA ,&vl_result ) == XDC_NOK )
icfg_ech.c:  if ( XZAO125_Liste_Eqt_Synoptique( vm_base , pm_nom_vue , NULL , XDC_EQT_BAF, MTCG05_Ajouter_BAF ,&vl_result ) == XDC_NOK )
icfg_ech2.c:  if ( XZAO149_Liste_Echangeurs_Synoptique( vm_base , NULL , pa_nom_vue , MTCG05_Construction_Echangeur , &vl_result) == XDC_NOK )
icfg_ech2.c:  if ( XZAO130_Liste_Influences(vm_base , pm_nom_vue , NULL , MTCG05_Afficher_RADT ,&vl_result ) == XDC_NOK )
icfg_ech2.c:  if ( XZAO125_Liste_Eqt_Synoptique( vm_base , pm_nom_vue , NULL , XDC_EQT_CAM, MTCG05_Ajouter_Camera ,&vl_result ) == XDC_NOK )
icfg_ech2.c:  if (  XZAO125_Liste_Eqt_Synoptique( vm_base , pm_nom_vue , NULL , XDC_EQT_PAU, MTCG05_Ajouter_PAU ,&vl_result ) == XDC_NOK )
icfg_ech2.c:  if ( XZAO125_Liste_Eqt_Synoptique( vm_base , pm_nom_vue , NULL , XDC_EQT_DAI, MTCG05_Ajouter_DAI ,&vl_result ) == XDC_NOK )
icfg_ech2.c:  if ( XZAO130_Liste_Influences(vm_base , pm_nom_vue , NULL , MTCG05_Ajouter_RADT ,&vl_result ) == XDC_NOK )
icfg_gen.c:  if ( XZAO122_Liste_Districts ( vm_base , MTCG01_Ajouter_District , &vl_result ) == XDC_NOK )
icfg_gen.c:  if ( XZAO122_Liste_Districts ( vm_base , MTCG01_Ajouter_District_Eqt , &vl_result ) == XDC_NOK )
icfg_gen.c:  if ( XZAO133_Liste_Villes ( vm_base , MTCG01_Ajouter_Ville , &vl_result ) == XDC_NOK )
icfg_gen.c:  if ( XZAO148_Liste_Portions_District( vm_base , va_district.Nom , MTCG01_Ajouter_Portion , &vl_result )== XDC_NOK )
icfg_gen.c:  if ( XZAO148_Liste_Portions_District( vm_base , va_district.Nom , MTCG01_Ajouter_Portion_Eqt , &vl_result )== XDC_NOK )
icfg_gen.c:  if ( XZAO130_Liste_Influences( vm_base , NULL , va_portion.NumeroPortion , MTCG01_Ajouter_Zone_RADT , &vl_result) == XDC_NOK )
icfg_gen.c:  if ( XZAO306_Liste_RADT( vm_base , NULL , va_portion.NumeroPortion , MTCG01_Ajouter_RADT , &vl_result) == XDC_NOK )
icfg_gen.c:  if ( XZAO124_Liste_PMV_Synoptique( vm_base , NULL , va_portion.NumeroPortion , MTCG01_Ajouter_PMV , &vl_result) == XDC_NOK ) 
icfg_gen.c:/*  if ( XZAO124_Liste_PMV_Synoptique( vm_base , NULL , va_portion.NumeroPortion , MTCG01_Supprimer_PMV , &vl_result) == XDC_NOK ) */
icfg_gen.c:  if ( XZAO149_Liste_Echangeurs_Synoptique( vm_base , va_portion.NumeroPortion , NULL , MTCG01_Ajouter_Echangeur , &vl_result) == XDC_NOK )
icfg_gen.c:  if ( XZAO129_Liste_Peages( vm_base , NULL , va_portion.NumeroPortion , MTCG01_Ajouter_Barriere_Peage , &vl_result) == XDC_NOK )
icfg_manip.c:           if ( XZAO126_Liste_Portions_Troncon( vm_base , pm_nom_vue , MTCG03_Repositionner_Portion ,&vl_result ) == XDC_NOK )
icfg_strada.c:  	if ( XZAO148_Liste_Portions_District( vm_base , vl_nom_part , MTCG02_Ajouter_Portion , &vl_result)== XDC_NOK )
icfg_tron.c:  if ( XZAO127_Liste_Troncons( vm_base , MTCG03_Recherche_PR_Troncon ,&vl_result ) == XDC_NOK )
icfg_tron.c:  if ( XZAO126_Liste_Portions_Troncon( vm_base , pa_nom_vue , MTCG03_Ajouter_Portion ,&vl_result ) == XDC_NOK )
icfg_tron.c:  if ( XZAO125_Liste_Eqt_Synoptique( vm_base , pa_nom_troncon , va_no_portion , XDC_EQT_NAV, MTCG01_Ajouter_NAV ,&vl_result ) == XDC_NOK )
icfg_tron.c:  if ( XZAO125_Liste_Eqt_Synoptique( vm_base , pa_nom_troncon , va_no_portion , XDC_EQT_BAF, MTCG01_Ajouter_BAF ,&vl_result ) == XDC_NOK )
icfg_tron.c:  if ( XZAO125_Liste_Eqt_Synoptique( vm_base , pa_nom_troncon , va_no_portion , XDC_EQT_BAD, MTCG01_Ajouter_BAD ,&vl_result ) == XDC_NOK )
icfg_tron.c:  if ( XZAO125_Liste_Eqt_Synoptique( vm_base , pa_nom_troncon , va_no_portion , XDC_EQT_CAM, MTCG01_Ajouter_Camera ,&vl_result ) == XDC_NOK )
icfg_tron.c:  if (  XZAO125_Liste_Eqt_Synoptique( vm_base , pa_nom_troncon , va_no_portion , XDC_EQT_PAU, MTCG01_Ajouter_PAU ,&vl_result ) == XDC_NOK )
icfg_tron.c:  if ( XZAO125_Liste_Eqt_Synoptique( vm_base , pa_nom_troncon , va_no_portion , XDC_EQT_ANA, MTCG01_Ajouter_DAI ,&vl_result ) == XDC_NOK )
icfg_tron.c:  if ( XZAO125_Liste_Eqt_Synoptique( vm_base , pa_nom_troncon , va_no_portion , XDC_CAPT_LIT_ARRET, MTCG03_Ajouter_LIT ,&vl_result ) == XDC_NOK )
icfg_tron.c:  if ( XZAO125_Liste_Eqt_Synoptique( vm_base , pa_nom_troncon , va_no_portion , XDC_EQT_LTV, MTCG03_Ajouter_LTV ,&vl_result ) == XDC_NOK )
icfg_tron.c:  if ( XZAO130_Liste_Influences(  vm_base , pa_nom_troncon , va_no_portion , MTCG03_Ajouter_Zone_RADT ,&vl_result ) == XDC_NOK )
icfg_tron.c:  if ( XZAO306_Liste_RADT(  vm_base , pa_nom_troncon , va_no_portion , MTCG01_Ajouter_RADT ,&vl_result ) == XDC_NOK )
icfg_tron.c:  if ( XZAO124_Liste_PMV_Synoptique( vm_base , pa_nom_troncon , va_no_portion , MTCG03_Ajouter_PMV ,&vl_result ) == XDC_NOK )
icfg_tron.c:  if ( XZAO250_Liste_PMVA_Synoptique( vm_base , pa_nom_troncon , va_no_portion , MTCG03_Ajouter_PMVA ,&vl_result ) == XDC_NOK )
icfg_tron.c:  if ( XZAO149_Liste_Echangeurs_Synoptique( vm_base , va_no_portion, pa_nom_troncon , MTCG01_Ajouter_Echangeur ,&vl_result ) == XDC_NOK )
icfg_tron.c:  if ( XZAO129_Liste_Peages( vm_base , pa_nom_troncon , va_no_portion , MTCG03_Ajouter_Barriere_Peage,&vl_result  ) == XDC_NOK )
icfg_tron.c:  if ( XZAO147_Liste_ITPC( vm_base , pa_nom_troncon , va_no_portion , MTCG01_Ajouter_ITPC ,&vl_result ) == XDC_NOK )
icfg_tron.c:  if ( XZAO128_Liste_Aires_Troncon(vm_base , pa_nom_troncon , va_no_portion , MTCG03_Ajouter_Aire,&vl_result ) == XDC_NOK )
icfg_tron.c:  if ( XZAO134_Liste_Panneaux_Police(vm_base , pa_nom_troncon , va_no_portion , MTCG03_Ajouter_Panneau_police,&vl_result ) == XDC_NOK )
icfg_tron.c:  if ( XZAO152_Liste_Portails(vm_base , pa_nom_troncon , va_no_portion , MTCG03_Ajouter_Portail,&vl_result ) == XDC_NOK )
icfg_tron.c:  if ( XZAO131_Liste_Pentes(vm_base , pa_nom_troncon , va_no_portion , MTCG03_Ajouter_Pente,&vl_result ) == XDC_NOK )
icfg_tron.c:  if ( XZAO132_Liste_Reseaux(vm_base , pa_nom_troncon , va_no_portion , MTCG03_Ajouter_Reseau,&vl_result ) == XDC_NOK )
icfg_tron.c:  if ( XZAO135_Liste_Passages_Superieurs(vm_base , pa_nom_troncon , va_no_portion , MTCG03_Ajouter_Passage_Superieur,&vl_result ) == XDC_NOK )
icfg_tron.c:    if ( XZAO204_Liste_FAV_Synoptique( vm_base , pa_nom_troncon , XDC_FAUX , MTCG03_Ajouter_FAV ,&vl_result ) == XDC_NOK )
icfg_tron.c:  if ( XZAO409_Liste_ZDP_Synoptique( vm_base , pa_nom_troncon , NULL , MTCG03_Ajouter_ZDP ,&vl_result ) == XDC_NOK )
icfg_tron.c:  if ( XZAO418_Liste_PAL_Synoptique( vm_base , pa_nom_troncon , NULL , MTCG03_Ajouter_PANALT ,&vl_result ) == XDC_NOK )
icfg_tron.c:  if ( XZAO125_Liste_Eqt_Synoptique( vm_base , pa_nom_troncon , va_no_portion , XDC_EQT_FAU, MTCG03_Ajouter_Fermeture_Autoroute ,&vl_result ) == XDC_NOK )
icfg_tron.c:  if ( XZAO225_Liste_Cantons_Par_Portion( vm_base, pa_nom_troncon, va_no_portion, MTCG03_Ajouter_Canton, &vl_result ) == XDC_NOK )
icfg_tron.c:  if ( XZAO214_Liste_Segments_Portion(  vm_base , va_portion.NumeroPortion , MTCG03_Ajouter_Segment , &vl_result )== XDC_NOK )
icfg_tron.c:             if ( XZAO125_Liste_Eqt_Synoptique( vm_base , pm_nom_vue , NULL , XDC_EQT_TUB, MTCG04_Ajouter_Signal ,&vl_result ) == XDC_NOK )
icfg_tron.c:             if ( XZAO125_Liste_Eqt_Synoptique( vm_base , pm_nom_vue , NULL , XDC_EQT_TUB, MTCG04_Ajouter_Signal ,&vl_result ) == XDC_NOK )
icfg_tron.c:     if ( XZAO214_Liste_Segments_Portion(  vm_base , va_portion.NumeroPortion , MTCG03_Repositionner_Segment , &vl_result )== XDC_NOK )
icfg_tun.c:  if ( XZAO127_Liste_Troncons( vm_base , MTCG03_Recherche_PR_Troncon ,&vl_result ) == XDC_NOK )
icfg_tun.c:  if ( XZAO126_Liste_Portions_Troncon( vm_base , pm_nom_vue , MTCG03_Ajouter_Portion ,&vl_result ) == XDC_NOK )
icfg_tun.c:  if ( XZAO125_Liste_Eqt_Synoptique( vm_base , pm_nom_vue , NULL , XDC_EQT_CAM, MTCG01_Ajouter_Camera ,&vl_result ) == XDC_NOK )
icfg_tun.c:  if (  XZAO125_Liste_Eqt_Synoptique( vm_base , pm_nom_vue , NULL , XDC_EQT_PAU, MTCG01_Ajouter_PAU ,&vl_result ) == XDC_NOK )
icfg_tun.c:  if (  XZAO125_Liste_Eqt_Synoptique( vm_base , pm_nom_vue , NULL , XDC_EQT_BAD, MTCG01_Ajouter_BAD ,&vl_result ) == XDC_NOK )
icfg_tun.c:  if ( XZAO125_Liste_Eqt_Synoptique( vm_base , pm_nom_vue , NULL , XDC_EQT_ANA, MTCG01_Ajouter_DAI ,&vl_result ) == XDC_NOK )
icfg_tun.c:  if (  XZAO125_Liste_Eqt_Synoptique( vm_base , pm_nom_vue , NULL , XDC_EQT_EXT , MTCG04_Ajouter_Extincteur ,&vl_result )== XDC_NOK )
icfg_tun.c:  if ( XZAO204_Liste_FAV_Synoptique( vm_base , pm_nom_vue , XDC_VRAI , MTCG03_Ajouter_FAV ,&vl_result ) == XDC_NOK )
