 livraison : /home/transfert_DEV/livraisons/SAE_451 
 cible : proc 
 Compilation de la procedure groupee make_all_prc.sh pour le site CI 

Vous étes en mode livraison de masse.
pour 	arreter ce mode : unset SAE_LIV_BULK
Creation du repertoire : /home/transfert_DEV/livraisons/SAE_451
  cc -E -P -C  -DCI xzaa08sp.prc.c  > /share_podf1_home/transfert_DEV/livraisons/SAE_451/proc/CI_xzaa08sp.prc.sql
  cc -E -P -C  -DCI xzaa11sp.prc.c  > /share_podf1_home/transfert_DEV/livraisons/SAE_451/proc/CI_xzaa11sp.prc.sql
  cc -E -P -C  -DCI xzaa21sp.prc.c  > /share_podf1_home/transfert_DEV/livraisons/SAE_451/proc/CI_xzaa21sp.prc.sql
  cc -E -P -C  -DCI xzac890sp.prc.c  > /share_podf1_home/transfert_DEV/livraisons/SAE_451/proc/CI_xzac890sp.prc.sql
  cc -E -P -C  -DCI xzac891sp.prc.c  > /share_podf1_home/transfert_DEV/livraisons/SAE_451/proc/CI_xzac891sp.prc.sql
  cc -E -P -C  -DCI xzac903sp.prc.c  > /share_podf1_home/transfert_DEV/livraisons/SAE_451/proc/CI_xzac903sp.prc.sql
  cc -E -P -C  -DCI xzac904sp.prc.c  > /share_podf1_home/transfert_DEV/livraisons/SAE_451/proc/CI_xzac904sp.prc.sql
  cc -E -P -C  -DCI xzac892sp.prc.c  > /share_podf1_home/transfert_DEV/livraisons/SAE_451/proc/CI_xzac892sp.prc.sql
  cc -E -P -C  -DCI xzac893sp.prc.c  > /share_podf1_home/transfert_DEV/livraisons/SAE_451/proc/CI_xzac893sp.prc.sql
  cc -E -P -C  -DCI xzac905sp.prc.c  > /share_podf1_home/transfert_DEV/livraisons/SAE_451/proc/CI_xzac905sp.prc.sql
  cc -E -P -C  -DCI xzac906sp.prc.c  > /share_podf1_home/transfert_DEV/livraisons/SAE_451/proc/CI_xzac906sp.prc.sql
  cc -E -P -C  -DCI xzac85sp.prc.c  > /share_podf1_home/transfert_DEV/livraisons/SAE_451/proc/CI_xzac85sp.prc.sql
  cc -E -P -C  -DCI xzac86sp.prc.c  > /share_podf1_home/transfert_DEV/livraisons/SAE_451/proc/CI_xzac86sp.prc.sql
  cc -E -P -C  -DCI xzac87sp.prc.c  > /share_podf1_home/transfert_DEV/livraisons/SAE_451/proc/CI_xzac87sp.prc.sql
Attention : pas de drop dans cette procedure xzac88sp.prc 
un drop de la procedure est rajoute dans la precompil du fichier xzac88sp.prc 
  cc -E -P -C  -DCI xzac88sp.prc.c  > /share_podf1_home/transfert_DEV/livraisons/SAE_451/proc/CI_xzac88sp.prc.sql
  cc -E -P -C  -DCI xzac94sp.prc.c  > /share_podf1_home/transfert_DEV/livraisons/SAE_451/proc/CI_xzac94sp.prc.sql
  cc -E -P -C  -DCI xzac95sp.prc.c  > /share_podf1_home/transfert_DEV/livraisons/SAE_451/proc/CI_xzac95sp.prc.sql
  cc -E -P -C  -DCI xzac120sp.prc.c  > /share_podf1_home/transfert_DEV/livraisons/SAE_451/proc/CI_xzac120sp.prc.sql
  cc -E -P -C  -DCI xzac121sp.prc.c  > /share_podf1_home/transfert_DEV/livraisons/SAE_451/proc/CI_xzac121sp.prc.sql
  cc -E -P -C  -DCI xzac122sp.prc.c  > /share_podf1_home/transfert_DEV/livraisons/SAE_451/proc/CI_xzac122sp.prc.sql
  cc -E -P -C  -DCI xzac123sp.prc.c  > /share_podf1_home/transfert_DEV/livraisons/SAE_451/proc/CI_xzac123sp.prc.sql
  cc -E -P -C  -DCI xzac124sp.prc.c  > /share_podf1_home/transfert_DEV/livraisons/SAE_451/proc/CI_xzac124sp.prc.sql
  cc -E -P -C  -DCI xzac125sp.prc.c  > /share_podf1_home/transfert_DEV/livraisons/SAE_451/proc/CI_xzac125sp.prc.sql
  cc -E -P -C  -DCI xzac185sp.prc.c  > /share_podf1_home/transfert_DEV/livraisons/SAE_451/proc/CI_xzac185sp.prc.sql
  cc -E -P -C  -DCI xzac999sp.prc.c  > /share_podf1_home/transfert_DEV/livraisons/SAE_451/proc/CI_xzac999sp.prc.sql
  cc -E -P -C  -DCI xzac1000sp.prc.c  > /share_podf1_home/transfert_DEV/livraisons/SAE_451/proc/CI_xzac1000sp.prc.sql
  cc -E -P -C  -DCI xzac45sp.prc.c  > /share_podf1_home/transfert_DEV/livraisons/SAE_451/proc/CI_xzac45sp.prc.sql
  cc -E -P -C  -DCI xzac21sp.prc.c  > /share_podf1_home/transfert_DEV/livraisons/SAE_451/proc/CI_xzac21sp.prc.sql
  cc -E -P -C  -DCI xzac74sp.prc.c  > /share_podf1_home/transfert_DEV/livraisons/SAE_451/proc/CI_xzac74sp.prc.sql
  cc -E -P -C  -DCI xzac82sp.prc.c  > /share_podf1_home/transfert_DEV/livraisons/SAE_451/proc/CI_xzac82sp.prc.sql
  cc -E -P -C  -DCI xzac83sp.prc.c  > /share_podf1_home/transfert_DEV/livraisons/SAE_451/proc/CI_xzac83sp.prc.sql
  cc -E -P -C  -DCI xzac84sp.prc.c  > /share_podf1_home/transfert_DEV/livraisons/SAE_451/proc/CI_xzac84sp.prc.sql
Attention : pas de drop dans cette procedure xzac90sp.prc 
un drop de la procedure est rajoute dans la precompil du fichier xzac90sp.prc 
  cc -E -P -C  -DCI xzac90sp.prc.c  > /share_podf1_home/transfert_DEV/livraisons/SAE_451/proc/CI_xzac90sp.prc.sql
Attention : pas de drop dans cette procedure xzac91sp.prc 
un drop de la procedure est rajoute dans la precompil du fichier xzac91sp.prc 
  cc -E -P -C  -DCI xzac91sp.prc.c  > /share_podf1_home/transfert_DEV/livraisons/SAE_451/proc/CI_xzac91sp.prc.sql
  cc -E -P -C  -DCI xzac92sp.prc.c  > /share_podf1_home/transfert_DEV/livraisons/SAE_451/proc/CI_xzac92sp.prc.sql
  cc -E -P -C  -DCI xzac93sp.prc.c  > /share_podf1_home/transfert_DEV/livraisons/SAE_451/proc/CI_xzac93sp.prc.sql
  cc -E -P -C  -DCI xzac96sp.prc.c  > /share_podf1_home/transfert_DEV/livraisons/SAE_451/proc/CI_xzac96sp.prc.sql
  cc -E -P -C  -DCI xzac98sp.prc.c  > /share_podf1_home/transfert_DEV/livraisons/SAE_451/proc/CI_xzac98sp.prc.sql
  cc -E -P -C  -DCI xzac99sp.prc.c  > /share_podf1_home/transfert_DEV/livraisons/SAE_451/proc/CI_xzac99sp.prc.sql
  cc -E -P -C  -DCI xzac126sp.prc.c  > /share_podf1_home/transfert_DEV/livraisons/SAE_451/proc/CI_xzac126sp.prc.sql
  cc -E -P -C  -DCI xzac682sp.prc.c  > /share_podf1_home/transfert_DEV/livraisons/SAE_451/proc/CI_xzac682sp.prc.sql
  cc -E -P -C  -DCI xzac840sp.prc.c  > /share_podf1_home/transfert_DEV/livraisons/SAE_451/proc/CI_xzac840sp.prc.sql
  cc -E -P -C  -DCI xzac303sp.prc.c  > /share_podf1_home/transfert_DEV/livraisons/SAE_451/proc/CI_xzac303sp.prc.sql
  cc -E -P -C  -DCI xzac550sp.prc.c  > /share_podf1_home/transfert_DEV/livraisons/SAE_451/proc/CI_xzac550sp.prc.sql
  cc -E -P -C  -DCI xzac900sp.prc.c  > /share_podf1_home/transfert_DEV/livraisons/SAE_451/proc/CI_xzac900sp.prc.sql
  cc -E -P -C  -DCI xzac901sp.prc.c  > /share_podf1_home/transfert_DEV/livraisons/SAE_451/proc/CI_xzac901sp.prc.sql
  cc -E -P -C  -DCI xzac902sp.prc.c  > /share_podf1_home/transfert_DEV/livraisons/SAE_451/proc/CI_xzac902sp.prc.sql
  cc -E -P -C  -DCI xzac1001sp.prc.c  > /share_podf1_home/transfert_DEV/livraisons/SAE_451/proc/CI_xzac1001sp.prc.sql
  cc -E -P -C  -DCI xzac640sp.prc.c  > /share_podf1_home/transfert_DEV/livraisons/SAE_451/proc/CI_xzac640sp.prc.sql
  cc -E -P -C  -DCI xzac841sp.prc.c  > /share_podf1_home/transfert_DEV/livraisons/SAE_451/proc/CI_xzac841sp.prc.sql
  cc -E -P -C  -DCI xzac09sp.prc.c  > /share_podf1_home/transfert_DEV/livraisons/SAE_451/proc/CI_xzac09sp.prc.sql
  cc -E -P -C  -DCI xzac18sp.prc.c  > /share_podf1_home/transfert_DEV/livraisons/SAE_451/proc/CI_xzac18sp.prc.sql
  cc -E -P -C  -DCI xzac20sp.prc.c  > /share_podf1_home/transfert_DEV/livraisons/SAE_451/proc/CI_xzac20sp.prc.sql
  cc -E -P -C  -DCI xzac73sp.prc.c  > /share_podf1_home/transfert_DEV/livraisons/SAE_451/proc/CI_xzac73sp.prc.sql
  cc -E -P -C  -DCI xzac75sp.prc.c  > /share_podf1_home/transfert_DEV/livraisons/SAE_451/proc/CI_xzac75sp.prc.sql
  cc -E -P -C  -DCI xzac76sp.prc.c  > /share_podf1_home/transfert_DEV/livraisons/SAE_451/proc/CI_xzac76sp.prc.sql
  cc -E -P -C  -DCI xzac77sp.prc.c  > /share_podf1_home/transfert_DEV/livraisons/SAE_451/proc/CI_xzac77sp.prc.sql
  cc -E -P -C  -DCI xzac182sp.prc.c  > /share_podf1_home/transfert_DEV/livraisons/SAE_451/proc/CI_xzac182sp.prc.sql
  cc -E -P -C  -DCI xzac190sp.prc.c  > /share_podf1_home/transfert_DEV/livraisons/SAE_451/proc/CI_xzac190sp.prc.sql
  cc -E -P -C  -DCI xzac200sp.prc.c  > /share_podf1_home/transfert_DEV/livraisons/SAE_451/proc/CI_xzac200sp.prc.sql
  cc -E -P -C  -DCI xzac610sp.prc.c  > /share_podf1_home/transfert_DEV/livraisons/SAE_451/proc/CI_xzac610sp.prc.sql
  cc -E -P -C  -DCI xzac611sp.prc.c  > /share_podf1_home/transfert_DEV/livraisons/SAE_451/proc/CI_xzac611sp.prc.sql
  cc -E -P -C  -DCI xzac631sp.prc.c  > /share_podf1_home/transfert_DEV/livraisons/SAE_451/proc/CI_xzac631sp.prc.sql
  cc -E -P -C  -DCI xzac632sp.prc.c  > /share_podf1_home/transfert_DEV/livraisons/SAE_451/proc/CI_xzac632sp.prc.sql
  cc -E -P -C  -DCI xzac633sp.prc.c  > /share_podf1_home/transfert_DEV/livraisons/SAE_451/proc/CI_xzac633sp.prc.sql
  cc -E -P -C  -DCI xzac634sp.prc.c  > /share_podf1_home/transfert_DEV/livraisons/SAE_451/proc/CI_xzac634sp.prc.sql
  cc -E -P -C  -DCI xzac635sp.prc.c  > /share_podf1_home/transfert_DEV/livraisons/SAE_451/proc/CI_xzac635sp.prc.sql
  cc -E -P -C  -DCI xzac636sp.prc.c  > /share_podf1_home/transfert_DEV/livraisons/SAE_451/proc/CI_xzac636sp.prc.sql
  cc -E -P -C  -DCI xzac683sp.prc.c  > /share_podf1_home/transfert_DEV/livraisons/SAE_451/proc/CI_xzac683sp.prc.sql
  cc -E -P -C  -DCI xzac802sp.prc.c  > /share_podf1_home/transfert_DEV/livraisons/SAE_451/proc/CI_xzac802sp.prc.sql
  cc -E -P -C  -DCI xzac805sp.prc.c  > /share_podf1_home/transfert_DEV/livraisons/SAE_451/proc/CI_xzac805sp.prc.sql
  cc -E -P -C  -DCI xzac19sp.prc.c  > /share_podf1_home/transfert_DEV/livraisons/SAE_451/proc/CI_xzac19sp.prc.sql
  cc -E -P -C  -DCI xzac70sp.prc.c  > /share_podf1_home/transfert_DEV/livraisons/SAE_451/proc/CI_xzac70sp.prc.sql
  cc -E -P -C  -DCI xzac71sp.prc.c  > /share_podf1_home/transfert_DEV/livraisons/SAE_451/proc/CI_xzac71sp.prc.sql
  cc -E -P -C  -DCI xzac72sp.prc.c  > /share_podf1_home/transfert_DEV/livraisons/SAE_451/proc/CI_xzac72sp.prc.sql
  cc -E -P -C  -DCI xzac78sp.prc.c  > /share_podf1_home/transfert_DEV/livraisons/SAE_451/proc/CI_xzac78sp.prc.sql
  cc -E -P -C  -DCI xzac79sp.prc.c  > /share_podf1_home/transfert_DEV/livraisons/SAE_451/proc/CI_xzac79sp.prc.sql
  cc -E -P -C  -DCI xzac80sp.prc.c  > /share_podf1_home/transfert_DEV/livraisons/SAE_451/proc/CI_xzac80sp.prc.sql
  cc -E -P -C  -DCI xzac81sp.prc.c  > /share_podf1_home/transfert_DEV/livraisons/SAE_451/proc/CI_xzac81sp.prc.sql
  cc -E -P -C  -DCI xzac636sp.prc.c  > /share_podf1_home/transfert_DEV/livraisons/SAE_451/proc/CI_xzac636sp.prc.sql
  cc -E -P -C  -DCI xzad04sp.prc.c  > /share_podf1_home/transfert_DEV/livraisons/SAE_451/proc/CI_xzad04sp.prc.sql
  cc -E -P -C  -DCI xzad01sp.prc.c  > /share_podf1_home/transfert_DEV/livraisons/SAE_451/proc/CI_xzad01sp.prc.sql
  cc -E -P -C  -DCI xzad02sp.prc.c  > /share_podf1_home/transfert_DEV/livraisons/SAE_451/proc/CI_xzad02sp.prc.sql
  cc -E -P -C  -DCI xzad05sp.prc.c  > /share_podf1_home/transfert_DEV/livraisons/SAE_451/proc/CI_xzad05sp.prc.sql
  cc -E -P -C  -DCI xzad06sp.prc.c  > /share_podf1_home/transfert_DEV/livraisons/SAE_451/proc/CI_xzad06sp.prc.sql
  cc -E -P -C  -DCI xzad07sp.prc.c  > /share_podf1_home/transfert_DEV/livraisons/SAE_451/proc/CI_xzad07sp.prc.sql
  cc -E -P -C  -DCI xzad08sp.prc.c  > /share_podf1_home/transfert_DEV/livraisons/SAE_451/proc/CI_xzad08sp.prc.sql
  cc -E -P -C  -DCI xzad09sp.prc.c  > /share_podf1_home/transfert_DEV/livraisons/SAE_451/proc/CI_xzad09sp.prc.sql
  cc -E -P -C  -DCI xzad10sp.prc.c  > /share_podf1_home/transfert_DEV/livraisons/SAE_451/proc/CI_xzad10sp.prc.sql
  cc -E -P -C  -DCI xzad11sp.prc.c  > /share_podf1_home/transfert_DEV/livraisons/SAE_451/proc/CI_xzad11sp.prc.sql
  cc -E -P -C  -DCI xzad17sp.prc.c  > /share_podf1_home/transfert_DEV/livraisons/SAE_451/proc/CI_xzad17sp.prc.sql
  cc -E -P -C  -DCI xzae11sp.prc.c  > /share_podf1_home/transfert_DEV/livraisons/SAE_451/proc/CI_xzae11sp.prc.sql
  cc -E -P -C  -DCI xzae40sp.prc.c  > /share_podf1_home/transfert_DEV/livraisons/SAE_451/proc/CI_xzae40sp.prc.sql
  cc -E -P -C  -DCI xzae49sp.prc.c  > /share_podf1_home/transfert_DEV/livraisons/SAE_451/proc/CI_xzae49sp.prc.sql
  cc -E -P -C  -DCI xzae88sp.prc.c  > /share_podf1_home/transfert_DEV/livraisons/SAE_451/proc/CI_xzae88sp.prc.sql
  cc -E -P -C  -DCI xzae111sp.prc.c  > /share_podf1_home/transfert_DEV/livraisons/SAE_451/proc/CI_xzae111sp.prc.sql
  cc -E -P -C  -DCI xzae80sp.prc.c  > /share_podf1_home/transfert_DEV/livraisons/SAE_451/proc/CI_xzae80sp.prc.sql
  cc -E -P -C  -DCI xzae81sp.prc.c  > /share_podf1_home/transfert_DEV/livraisons/SAE_451/proc/CI_xzae81sp.prc.sql
  cc -E -P -C  -DCI xzae82sp.prc.c  > /share_podf1_home/transfert_DEV/livraisons/SAE_451/proc/CI_xzae82sp.prc.sql
  cc -E -P -C  -DCI xzae02sp.prc.c  > /share_podf1_home/transfert_DEV/livraisons/SAE_451/proc/CI_xzae02sp.prc.sql
  cc -E -P -C  -DCI xzae83sp.prc.c  > /share_podf1_home/transfert_DEV/livraisons/SAE_451/proc/CI_xzae83sp.prc.sql
  cc -E -P -C  -DCI xzae41sp.prc.c  > /share_podf1_home/transfert_DEV/livraisons/SAE_451/proc/CI_xzae41sp.prc.sql
  cc -E -P -C  -DCI xzae158sp.prc.c  > /share_podf1_home/transfert_DEV/livraisons/SAE_451/proc/CI_xzae158sp.prc.sql
  cc -E -P -C  -DCI xzae159sp.prc.c  > /share_podf1_home/transfert_DEV/livraisons/SAE_451/proc/CI_xzae159sp.prc.sql
  cc -E -P -C  -DCI xzae181sp.prc.c  > /share_podf1_home/transfert_DEV/livraisons/SAE_451/proc/CI_xzae181sp.prc.sql
  cc -E -P -C  -DCI xzae48sp.prc.c  > /share_podf1_home/transfert_DEV/livraisons/SAE_451/proc/CI_xzae48sp.prc.sql
  cc -E -P -C  -DCI xzae71sp.prc.c  > /share_podf1_home/transfert_DEV/livraisons/SAE_451/proc/CI_xzae71sp.prc.sql
  cc -E -P -C  -DCI xzae72sp.prc.c  > /share_podf1_home/transfert_DEV/livraisons/SAE_451/proc/CI_xzae72sp.prc.sql
  cc -E -P -C  -DCI xzae95sp.prc.c  > /share_podf1_home/transfert_DEV/livraisons/SAE_451/proc/CI_xzae95sp.prc.sql
  cc -E -P -C  -DCI xzae98sp.prc.c  > /share_podf1_home/transfert_DEV/livraisons/SAE_451/proc/CI_xzae98sp.prc.sql
  cc -E -P -C  -DCI xzae01sp.prc.c  > /share_podf1_home/transfert_DEV/livraisons/SAE_451/proc/CI_xzae01sp.prc.sql
  cc -E -P -C  -DCI xzae03sp.prc.c  > /share_podf1_home/transfert_DEV/livraisons/SAE_451/proc/CI_xzae03sp.prc.sql
  cc -E -P -C  -DCI xzae66sp.prc.c  > /share_podf1_home/transfert_DEV/livraisons/SAE_451/proc/CI_xzae66sp.prc.sql
  cc -E -P -C  -DCI xzae82sp.prc.c  > /share_podf1_home/transfert_DEV/livraisons/SAE_451/proc/CI_xzae82sp.prc.sql
  cc -E -P -C  -DCI xzae90sp.prc.c  > /share_podf1_home/transfert_DEV/livraisons/SAE_451/proc/CI_xzae90sp.prc.sql
  cc -E -P -C  -DCI xzae203sp.prc.c  > /share_podf1_home/transfert_DEV/livraisons/SAE_451/proc/CI_xzae203sp.prc.sql
Attention : pas de drop dans cette procedure xzae154sp.prc 
un drop de la procedure est rajoute dans la precompil du fichier xzae154sp.prc 
  cc -E -P -C  -DCI xzae154sp.prc.c  > /share_podf1_home/transfert_DEV/livraisons/SAE_451/proc/CI_xzae154sp.prc.sql
  cc -E -P -C  -DCI xzae205sp.prc.c  > /share_podf1_home/transfert_DEV/livraisons/SAE_451/proc/CI_xzae205sp.prc.sql
  cc -E -P -C  -DCI xzae204sp.prc.c  > /share_podf1_home/transfert_DEV/livraisons/SAE_451/proc/CI_xzae204sp.prc.sql
  cc -E -P -C  -DCI xzae206sp.prc.c  > /share_podf1_home/transfert_DEV/livraisons/SAE_451/proc/CI_xzae206sp.prc.sql
  cc -E -P -C  -DCI xzae207sp.prc.c  > /share_podf1_home/transfert_DEV/livraisons/SAE_451/proc/CI_xzae207sp.prc.sql
  cc -E -P -C  -DCI xzae89sp.prc.c  > /share_podf1_home/transfert_DEV/livraisons/SAE_451/proc/CI_xzae89sp.prc.sql
  cc -E -P -C  -DCI xzae76sp.prc.c  > /share_podf1_home/transfert_DEV/livraisons/SAE_451/proc/CI_xzae76sp.prc.sql
  cc -E -P -C  -DCI xzae211sp.prc.c  > /share_podf1_home/transfert_DEV/livraisons/SAE_451/proc/CI_xzae211sp.prc.sql
  cc -E -P -C  -DCI xzae565sp.prc.c  > /share_podf1_home/transfert_DEV/livraisons/SAE_451/proc/CI_xzae565sp.prc.sql
  cc -E -P -C  -DCI xzae562sp.prc.c  > /share_podf1_home/transfert_DEV/livraisons/SAE_451/proc/CI_xzae562sp.prc.sql
  cc -E -P -C  -DCI xzae563sp.prc.c  > /share_podf1_home/transfert_DEV/livraisons/SAE_451/proc/CI_xzae563sp.prc.sql
Attention : pas de drop dans cette procedure xzae155sp.prc 
un drop de la procedure est rajoute dans la precompil du fichier xzae155sp.prc 
  cc -E -P -C  -DCI xzae155sp.prc.c  > /share_podf1_home/transfert_DEV/livraisons/SAE_451/proc/CI_xzae155sp.prc.sql
  cc -E -P -C  -DCI xzae34sp.prc.c  > /share_podf1_home/transfert_DEV/livraisons/SAE_451/proc/CI_xzae34sp.prc.sql
  cc -E -P -C  -DCI xzae156sp.prc.c  > /share_podf1_home/transfert_DEV/livraisons/SAE_451/proc/CI_xzae156sp.prc.sql
  cc -E -P -C  -DCI xzae157sp.prc.c  > /share_podf1_home/transfert_DEV/livraisons/SAE_451/proc/CI_xzae157sp.prc.sql
  cc -E -P -C  -DCI xzae19sp.prc.c  > /share_podf1_home/transfert_DEV/livraisons/SAE_451/proc/CI_xzae19sp.prc.sql
  cc -E -P -C  -DCI xzae202sp.prc.c  > /share_podf1_home/transfert_DEV/livraisons/SAE_451/proc/CI_xzae202sp.prc.sql
  cc -E -P -C  -DCI xzae213sp.prc.c  > /share_podf1_home/transfert_DEV/livraisons/SAE_451/proc/CI_xzae213sp.prc.sql
Attention : pas de drop dans cette procedure xzae920sp.prc 
un drop de la procedure est rajoute dans la precompil du fichier xzae920sp.prc 
  cc -E -P -C  -DCI xzae920sp.prc.c  > /share_podf1_home/transfert_DEV/livraisons/SAE_451/proc/CI_xzae920sp.prc.sql
  cc -E -P -C  -DCI xzae980sp.prc.c  > /share_podf1_home/transfert_DEV/livraisons/SAE_451/proc/CI_xzae980sp.prc.sql
  cc -E -P -C  -DCI xzae982sp.prc.c  > /share_podf1_home/transfert_DEV/livraisons/SAE_451/proc/CI_xzae982sp.prc.sql
  cc -E -P -C  -DCI xzae200sp.prc.c  > /share_podf1_home/transfert_DEV/livraisons/SAE_451/proc/CI_xzae200sp.prc.sql
  cc -E -P -C  -DCI xzae560sp.prc.c  > /share_podf1_home/transfert_DEV/livraisons/SAE_451/proc/CI_xzae560sp.prc.sql
  cc -E -P -C  -DCI xzae564sp.prc.c  > /share_podf1_home/transfert_DEV/livraisons/SAE_451/proc/CI_xzae564sp.prc.sql
  cc -E -P -C  -DCI xzae566sp.prc.c  > /share_podf1_home/transfert_DEV/livraisons/SAE_451/proc/CI_xzae566sp.prc.sql
  cc -E -P -C  -DCI xzae567sp.prc.c  > /share_podf1_home/transfert_DEV/livraisons/SAE_451/proc/CI_xzae567sp.prc.sql
  cc -E -P -C  -DCI xzae21sp.prc.c  > /share_podf1_home/transfert_DEV/livraisons/SAE_451/proc/CI_xzae21sp.prc.sql
  cc -E -P -C  -DCI xzae08sp.prc.c  > /share_podf1_home/transfert_DEV/livraisons/SAE_451/proc/CI_xzae08sp.prc.sql
  cc -E -P -C  -DCI xzae14sp.prc.c  > /share_podf1_home/transfert_DEV/livraisons/SAE_451/proc/CI_xzae14sp.prc.sql
  cc -E -P -C  -DCI xzae61sp.prc.c  > /share_podf1_home/transfert_DEV/livraisons/SAE_451/proc/CI_xzae61sp.prc.sql
  cc -E -P -C  -DCI xzae64sp.prc.c  > /share_podf1_home/transfert_DEV/livraisons/SAE_451/proc/CI_xzae64sp.prc.sql
  cc -E -P -C  -DCI xzae87sp.prc.c  > /share_podf1_home/transfert_DEV/livraisons/SAE_451/proc/CI_xzae87sp.prc.sql
  cc -E -P -C  -DCI xzae110sp.prc.c  > /share_podf1_home/transfert_DEV/livraisons/SAE_451/proc/CI_xzae110sp.prc.sql
  cc -E -P -C  -DCI xzae112sp.prc.c  > /share_podf1_home/transfert_DEV/livraisons/SAE_451/proc/CI_xzae112sp.prc.sql
  cc -E -P -C  -DCI xzae67sp.prc.c  > /share_podf1_home/transfert_DEV/livraisons/SAE_451/proc/CI_xzae67sp.prc.sql
  cc -E -P -C  -DCI xzae18sp.prc.c  > /share_podf1_home/transfert_DEV/livraisons/SAE_451/proc/CI_xzae18sp.prc.sql
  cc -E -P -C  -DCI xzae15sp.prc.c  > /share_podf1_home/transfert_DEV/livraisons/SAE_451/proc/CI_xzae15sp.prc.sql
  cc -E -P -C  -DCI xzae13sp.prc.c  > /share_podf1_home/transfert_DEV/livraisons/SAE_451/proc/CI_xzae13sp.prc.sql
  cc -E -P -C  -DCI xzae17sp.prc.c  > /share_podf1_home/transfert_DEV/livraisons/SAE_451/proc/CI_xzae17sp.prc.sql
  cc -E -P -C  -DCI xzae53sp.prc.c  > /share_podf1_home/transfert_DEV/livraisons/SAE_451/proc/CI_xzae53sp.prc.sql
  cc -E -P -C  -DCI xzae54sp.prc.c  > /share_podf1_home/transfert_DEV/livraisons/SAE_451/proc/CI_xzae54sp.prc.sql
  cc -E -P -C  -DCI xzae62sp.prc.c  > /share_podf1_home/transfert_DEV/livraisons/SAE_451/proc/CI_xzae62sp.prc.sql
  cc -E -P -C  -DCI xzae65sp.prc.c  > /share_podf1_home/transfert_DEV/livraisons/SAE_451/proc/CI_xzae65sp.prc.sql
  cc -E -P -C  -DCI xzae86sp.prc.c  > /share_podf1_home/transfert_DEV/livraisons/SAE_451/proc/CI_xzae86sp.prc.sql
  cc -E -P -C  -DCI xzae96sp.prc.c  > /share_podf1_home/transfert_DEV/livraisons/SAE_451/proc/CI_xzae96sp.prc.sql
  cc -E -P -C  -DCI xzae147sp.prc.c  > /share_podf1_home/transfert_DEV/livraisons/SAE_451/proc/CI_xzae147sp.prc.sql
  cc -E -P -C  -DCI xzae148sp.prc.c  > /share_podf1_home/transfert_DEV/livraisons/SAE_451/proc/CI_xzae148sp.prc.sql
  cc -E -P -C  -DCI xzae209sp.prc.c  > /share_podf1_home/transfert_DEV/livraisons/SAE_451/proc/CI_xzae209sp.prc.sql
Attention : pas de drop dans cette procedure xzae113sp.prc 
un drop de la procedure est rajoute dans la precompil du fichier xzae113sp.prc 
  cc -E -P -C  -DCI xzae113sp.prc.c  > /share_podf1_home/transfert_DEV/livraisons/SAE_451/proc/CI_xzae113sp.prc.sql
  cc -E -P -C  -DCI xzae208sp.prc.c  > /share_podf1_home/transfert_DEV/livraisons/SAE_451/proc/CI_xzae208sp.prc.sql
  cc -E -P -C  -DCI xzae77sp.prc.c  > /share_podf1_home/transfert_DEV/livraisons/SAE_451/proc/CI_xzae77sp.prc.sql
  cc -E -P -C  -DCI xzae212sp.prc.c  > /share_podf1_home/transfert_DEV/livraisons/SAE_451/proc/CI_xzae212sp.prc.sql
  cc -E -P -C  -DCI xzae209sp.prc.c  > /share_podf1_home/transfert_DEV/livraisons/SAE_451/proc/CI_xzae209sp.prc.sql
  cc -E -P -C  -DCI xzae210sp.prc.c  > /share_podf1_home/transfert_DEV/livraisons/SAE_451/proc/CI_xzae210sp.prc.sql
  cc -E -P -C  -DCI xzae200sp.prc.c  > /share_podf1_home/transfert_DEV/livraisons/SAE_451/proc/CI_xzae200sp.prc.sql
  cc -E -P -C  -DCI xzae161sp.prc.c  > /share_podf1_home/transfert_DEV/livraisons/SAE_451/proc/CI_xzae161sp.prc.sql
Attention : pas de drop dans cette procedure xzae556sp.prc 
un drop de la procedure est rajoute dans la precompil du fichier xzae556sp.prc 
  cc -E -P -C  -DCI xzae556sp.prc.c  > /share_podf1_home/transfert_DEV/livraisons/SAE_451/proc/CI_xzae556sp.prc.sql
  cc -E -P -C  -DCI xzae860sp.prc.c  > /share_podf1_home/transfert_DEV/livraisons/SAE_451/proc/CI_xzae860sp.prc.sql
  cc -E -P -C  -DCI xzae570sp.prc.c  > /share_podf1_home/transfert_DEV/livraisons/SAE_451/proc/CI_xzae570sp.prc.sql
  cc -E -P -C  -DCI xzae571sp.prc.c  > /share_podf1_home/transfert_DEV/livraisons/SAE_451/proc/CI_xzae571sp.prc.sql
  cc -E -P -C  -DCI xzae99sp.prc.c  > /share_podf1_home/transfert_DEV/livraisons/SAE_451/proc/CI_xzae99sp.prc.sql
  cc -E -P -C  -DCI xzae1720sp.prc.c  > /share_podf1_home/transfert_DEV/livraisons/SAE_451/proc/CI_xzae1720sp.prc.sql
  cc -E -P -C  -DCI xzae195sp.prc.c  > /share_podf1_home/transfert_DEV/livraisons/SAE_451/proc/CI_xzae195sp.prc.sql
  cc -E -P -C  -DCI xzae196sp.prc.c  > /share_podf1_home/transfert_DEV/livraisons/SAE_451/proc/CI_xzae196sp.prc.sql
  cc -E -P -C  -DCI xzae197sp.prc.c  > /share_podf1_home/transfert_DEV/livraisons/SAE_451/proc/CI_xzae197sp.prc.sql
  cc -E -P -C  -DCI xzae198sp.prc.c  > /share_podf1_home/transfert_DEV/livraisons/SAE_451/proc/CI_xzae198sp.prc.sql
  cc -E -P -C  -DCI xzae199sp.prc.c  > /share_podf1_home/transfert_DEV/livraisons/SAE_451/proc/CI_xzae199sp.prc.sql
Attention : pas de drop dans cette procedure xzae910sp.prc 
un drop de la procedure est rajoute dans la precompil du fichier xzae910sp.prc 
  cc -E -P -C  -DCI xzae910sp.prc.c  > /share_podf1_home/transfert_DEV/livraisons/SAE_451/proc/CI_xzae910sp.prc.sql
Attention : pas de drop dans cette procedure xzae930sp.prc 
un drop de la procedure est rajoute dans la precompil du fichier xzae930sp.prc 
  cc -E -P -C  -DCI xzae930sp.prc.c  > /share_podf1_home/transfert_DEV/livraisons/SAE_451/proc/CI_xzae930sp.prc.sql
Attention : pas de drop dans cette procedure xzae940sp.prc 
un drop de la procedure est rajoute dans la precompil du fichier xzae940sp.prc 
  cc -E -P -C  -DCI xzae940sp.prc.c  > /share_podf1_home/transfert_DEV/livraisons/SAE_451/proc/CI_xzae940sp.prc.sql
  cc -E -P -C  -DCI xzae75sp.prc.c  > /share_podf1_home/transfert_DEV/livraisons/SAE_451/proc/CI_xzae75sp.prc.sql
  cc -E -P -C  -DCI xzae160sp.prc.c  > /share_podf1_home/transfert_DEV/livraisons/SAE_451/proc/CI_xzae160sp.prc.sql
Attention : pas de drop dans cette procedure xzae162sp.prc 
un drop de la procedure est rajoute dans la precompil du fichier xzae162sp.prc 
  cc -E -P -C  -DCI xzae162sp.prc.c  > /share_podf1_home/transfert_DEV/livraisons/SAE_451/proc/CI_xzae162sp.prc.sql
  cc -E -P -C  -DCI xzae163sp.prc.c  > /share_podf1_home/transfert_DEV/livraisons/SAE_451/proc/CI_xzae163sp.prc.sql
Attention : pas de drop dans cette procedure xzae164sp.prc 
un drop de la procedure est rajoute dans la precompil du fichier xzae164sp.prc 
  cc -E -P -C  -DCI xzae164sp.prc.c  > /share_podf1_home/transfert_DEV/livraisons/SAE_451/proc/CI_xzae164sp.prc.sql
Attention : pas de drop dans cette procedure xzae165sp.prc 
un drop de la procedure est rajoute dans la precompil du fichier xzae165sp.prc 
  cc -E -P -C  -DCI xzae165sp.prc.c  > /share_podf1_home/transfert_DEV/livraisons/SAE_451/proc/CI_xzae165sp.prc.sql
  cc -E -P -C  -DCI xzae166sp.prc.c  > /share_podf1_home/transfert_DEV/livraisons/SAE_451/proc/CI_xzae166sp.prc.sql
  cc -E -P -C  -DCI xzae167sp.prc.c  > /share_podf1_home/transfert_DEV/livraisons/SAE_451/proc/CI_xzae167sp.prc.sql
  cc -E -P -C  -DCI xzae168sp.prc.c  > /share_podf1_home/transfert_DEV/livraisons/SAE_451/proc/CI_xzae168sp.prc.sql
Attention : pas de drop dans cette procedure xzae170sp.prc 
un drop de la procedure est rajoute dans la precompil du fichier xzae170sp.prc 
  cc -E -P -C  -DCI xzae170sp.prc.c  > /share_podf1_home/transfert_DEV/livraisons/SAE_451/proc/CI_xzae170sp.prc.sql
Attention : pas de drop dans cette procedure xzae171sp.prc 
un drop de la procedure est rajoute dans la precompil du fichier xzae171sp.prc 
  cc -E -P -C  -DCI xzae171sp.prc.c  > /share_podf1_home/transfert_DEV/livraisons/SAE_451/proc/CI_xzae171sp.prc.sql
  cc -E -P -C  -DCI xzae172sp.prc.c  > /share_podf1_home/transfert_DEV/livraisons/SAE_451/proc/CI_xzae172sp.prc.sql
  cc -E -P -C  -DCI xzae175sp.prc.c  > /share_podf1_home/transfert_DEV/livraisons/SAE_451/proc/CI_xzae175sp.prc.sql
Attention : pas de drop dans cette procedure xzae178sp.prc 
un drop de la procedure est rajoute dans la precompil du fichier xzae178sp.prc 
  cc -E -P -C  -DCI xzae178sp.prc.c  > /share_podf1_home/transfert_DEV/livraisons/SAE_451/proc/CI_xzae178sp.prc.sql
  cc -E -P -C  -DCI xzae185sp.prc.c  > /share_podf1_home/transfert_DEV/livraisons/SAE_451/proc/CI_xzae185sp.prc.sql
  cc -E -P -C  -DCI xzae201sp.prc.c  > /share_podf1_home/transfert_DEV/livraisons/SAE_451/proc/CI_xzae201sp.prc.sql
  cc -E -P -C  -DCI xzae220sp.prc.c  > /share_podf1_home/transfert_DEV/livraisons/SAE_451/proc/CI_xzae220sp.prc.sql
Attention : pas de drop dans cette procedure xzae120sp.prc 
un drop de la procedure est rajoute dans la precompil du fichier xzae120sp.prc 
  cc -E -P -C  -DCI xzae120sp.prc.c  > /share_podf1_home/transfert_DEV/livraisons/SAE_451/proc/CI_xzae120sp.prc.sql
Attention : pas de drop dans cette procedure xzae122sp.prc 
un drop de la procedure est rajoute dans la precompil du fichier xzae122sp.prc 
  cc -E -P -C  -DCI xzae122sp.prc.c  > /share_podf1_home/transfert_DEV/livraisons/SAE_451/proc/CI_xzae122sp.prc.sql
Attention : pas de drop dans cette procedure xzae123sp.prc 
un drop de la procedure est rajoute dans la precompil du fichier xzae123sp.prc 
  cc -E -P -C  -DCI xzae123sp.prc.c  > /share_podf1_home/transfert_DEV/livraisons/SAE_451/proc/CI_xzae123sp.prc.sql
Attention : pas de drop dans cette procedure xzae124sp.prc 
un drop de la procedure est rajoute dans la precompil du fichier xzae124sp.prc 
  cc -E -P -C  -DCI xzae124sp.prc.c  > /share_podf1_home/transfert_DEV/livraisons/SAE_451/proc/CI_xzae124sp.prc.sql
Attention : pas de drop dans cette procedure xzae125sp.prc 
un drop de la procedure est rajoute dans la precompil du fichier xzae125sp.prc 
  cc -E -P -C  -DCI xzae125sp.prc.c  > /share_podf1_home/transfert_DEV/livraisons/SAE_451/proc/CI_xzae125sp.prc.sql
  cc -E -P -C  -DCI xzae126sp.prc.c  > /share_podf1_home/transfert_DEV/livraisons/SAE_451/proc/CI_xzae126sp.prc.sql
  cc -E -P -C  -DCI xzae127sp.prc.c  > /share_podf1_home/transfert_DEV/livraisons/SAE_451/proc/CI_xzae127sp.prc.sql
Attention : pas de drop dans cette procedure xzae128sp.prc 
un drop de la procedure est rajoute dans la precompil du fichier xzae128sp.prc 
  cc -E -P -C  -DCI xzae128sp.prc.c  > /share_podf1_home/transfert_DEV/livraisons/SAE_451/proc/CI_xzae128sp.prc.sql
  cc -E -P -C  -DCI xzae129sp.prc.c  > /share_podf1_home/transfert_DEV/livraisons/SAE_451/proc/CI_xzae129sp.prc.sql
Attention : pas de drop dans cette procedure xzae130sp.prc 
un drop de la procedure est rajoute dans la precompil du fichier xzae130sp.prc 
  cc -E -P -C  -DCI xzae130sp.prc.c  > /share_podf1_home/transfert_DEV/livraisons/SAE_451/proc/CI_xzae130sp.prc.sql
Attention : pas de drop dans cette procedure xzae131sp.prc 
un drop de la procedure est rajoute dans la precompil du fichier xzae131sp.prc 
  cc -E -P -C  -DCI xzae131sp.prc.c  > /share_podf1_home/transfert_DEV/livraisons/SAE_451/proc/CI_xzae131sp.prc.sql
Attention : pas de drop dans cette procedure xzae132sp.prc 
un drop de la procedure est rajoute dans la precompil du fichier xzae132sp.prc 
  cc -E -P -C  -DCI xzae132sp.prc.c  > /share_podf1_home/transfert_DEV/livraisons/SAE_451/proc/CI_xzae132sp.prc.sql
Attention : pas de drop dans cette procedure xzae133sp.prc 
un drop de la procedure est rajoute dans la precompil du fichier xzae133sp.prc 
  cc -E -P -C  -DCI xzae133sp.prc.c  > /share_podf1_home/transfert_DEV/livraisons/SAE_451/proc/CI_xzae133sp.prc.sql
  cc -E -P -C  -DCI xzae134sp.prc.c  > /share_podf1_home/transfert_DEV/livraisons/SAE_451/proc/CI_xzae134sp.prc.sql
Attention : pas de drop dans cette procedure xzae135sp.prc 
un drop de la procedure est rajoute dans la precompil du fichier xzae135sp.prc 
  cc -E -P -C  -DCI xzae135sp.prc.c  > /share_podf1_home/transfert_DEV/livraisons/SAE_451/proc/CI_xzae135sp.prc.sql
  cc -E -P -C  -DCI xzae136sp.prc.c  > /share_podf1_home/transfert_DEV/livraisons/SAE_451/proc/CI_xzae136sp.prc.sql
  cc -E -P -C  -DCI xzae137sp.prc.c  > /share_podf1_home/transfert_DEV/livraisons/SAE_451/proc/CI_xzae137sp.prc.sql
  cc -E -P -C  -DCI xzae138sp.prc.c  > /share_podf1_home/transfert_DEV/livraisons/SAE_451/proc/CI_xzae138sp.prc.sql
Attention : pas de drop dans cette procedure xzae139sp.prc 
un drop de la procedure est rajoute dans la precompil du fichier xzae139sp.prc 
  cc -E -P -C  -DCI xzae139sp.prc.c  > /share_podf1_home/transfert_DEV/livraisons/SAE_451/proc/CI_xzae139sp.prc.sql
  cc -E -P -C  -DCI xzae140sp.prc.c  > /share_podf1_home/transfert_DEV/livraisons/SAE_451/proc/CI_xzae140sp.prc.sql
  cc -E -P -C  -DCI xzae141sp.prc.c  > /share_podf1_home/transfert_DEV/livraisons/SAE_451/proc/CI_xzae141sp.prc.sql
Attention : pas de drop dans cette procedure xzae142sp.prc 
un drop de la procedure est rajoute dans la precompil du fichier xzae142sp.prc 
  cc -E -P -C  -DCI xzae142sp.prc.c  > /share_podf1_home/transfert_DEV/livraisons/SAE_451/proc/CI_xzae142sp.prc.sql
Attention : pas de drop dans cette procedure xzae143sp.prc 
un drop de la procedure est rajoute dans la precompil du fichier xzae143sp.prc 
  cc -E -P -C  -DCI xzae143sp.prc.c  > /share_podf1_home/transfert_DEV/livraisons/SAE_451/proc/CI_xzae143sp.prc.sql
Attention : pas de drop dans cette procedure xzae144sp.prc 
un drop de la procedure est rajoute dans la precompil du fichier xzae144sp.prc 
  cc -E -P -C  -DCI xzae144sp.prc.c  > /share_podf1_home/transfert_DEV/livraisons/SAE_451/proc/CI_xzae144sp.prc.sql
  cc -E -P -C  -DCI xzae146sp.prc.c  > /share_podf1_home/transfert_DEV/livraisons/SAE_451/proc/CI_xzae146sp.prc.sql
Attention : pas de drop dans cette procedure xzae149sp.prc 
un drop de la procedure est rajoute dans la precompil du fichier xzae149sp.prc 
  cc -E -P -C  -DCI xzae149sp.prc.c  > /share_podf1_home/transfert_DEV/livraisons/SAE_451/proc/CI_xzae149sp.prc.sql
Attention : pas de drop dans cette procedure xzae150sp.prc 
un drop de la procedure est rajoute dans la precompil du fichier xzae150sp.prc 
  cc -E -P -C  -DCI xzae150sp.prc.c  > /share_podf1_home/transfert_DEV/livraisons/SAE_451/proc/CI_xzae150sp.prc.sql
  cc -E -P -C  -DCI xzae152sp.prc.c  > /share_podf1_home/transfert_DEV/livraisons/SAE_451/proc/CI_xzae152sp.prc.sql
Attention : pas de drop dans cette procedure xzae153sp.prc 
un drop de la procedure est rajoute dans la precompil du fichier xzae153sp.prc 
  cc -E -P -C  -DCI xzae153sp.prc.c  > /share_podf1_home/transfert_DEV/livraisons/SAE_451/proc/CI_xzae153sp.prc.sql
Attention : pas de drop dans cette procedure xzae550sp.prc 
un drop de la procedure est rajoute dans la precompil du fichier xzae550sp.prc 
  cc -E -P -C  -DCI xzae550sp.prc.c  > /share_podf1_home/transfert_DEV/livraisons/SAE_451/proc/CI_xzae550sp.prc.sql
  cc -E -P -C  -DCI xzae551sp.prc.c  > /share_podf1_home/transfert_DEV/livraisons/SAE_451/proc/CI_xzae551sp.prc.sql
  cc -E -P -C  -DCI xzae552sp.prc.c  > /share_podf1_home/transfert_DEV/livraisons/SAE_451/proc/CI_xzae552sp.prc.sql
Attention : pas de drop dans cette procedure xzae553sp.prc 
un drop de la procedure est rajoute dans la precompil du fichier xzae553sp.prc 
  cc -E -P -C  -DCI xzae553sp.prc.c  > /share_podf1_home/transfert_DEV/livraisons/SAE_451/proc/CI_xzae553sp.prc.sql
Attention : pas de drop dans cette procedure xzae554sp.prc 
un drop de la procedure est rajoute dans la precompil du fichier xzae554sp.prc 
  cc -E -P -C  -DCI xzae554sp.prc.c  > /share_podf1_home/transfert_DEV/livraisons/SAE_451/proc/CI_xzae554sp.prc.sql
Attention : pas de drop dans cette procedure xzae555sp.prc 
un drop de la procedure est rajoute dans la precompil du fichier xzae555sp.prc 
  cc -E -P -C  -DCI xzae555sp.prc.c  > /share_podf1_home/transfert_DEV/livraisons/SAE_451/proc/CI_xzae555sp.prc.sql
Attention : pas de drop dans cette procedure xzae641sp.prc 
un drop de la procedure est rajoute dans la precompil du fichier xzae641sp.prc 
  cc -E -P -C  -DCI xzae641sp.prc.c  > /share_podf1_home/transfert_DEV/livraisons/SAE_451/proc/CI_xzae641sp.prc.sql
  cc -E -P -C  -DCI xzae1270sp.prc.c  > /share_podf1_home/transfert_DEV/livraisons/SAE_451/proc/CI_xzae1270sp.prc.sql
  cc -E -P -C  -DCI xzag1301sp.prc.c  > /share_podf1_home/transfert_DEV/livraisons/SAE_451/proc/CI_xzag1301sp.prc.sql
  cc -E -P -C  -DCI xzah02sp.prc.c  > /share_podf1_home/transfert_DEV/livraisons/SAE_451/proc/CI_xzah02sp.prc.sql
  cc -E -P -C  -DCI xzah34sp.prc.c  > /share_podf1_home/transfert_DEV/livraisons/SAE_451/proc/CI_xzah34sp.prc.sql
  cc -E -P -C  -DCI xzai400sp.prc.c  > /share_podf1_home/transfert_DEV/livraisons/SAE_451/proc/CI_xzai400sp.prc.sql
Attention : pas de drop dans cette procedure xzai501sp.prc 
un drop de la procedure est rajoute dans la precompil du fichier xzai501sp.prc 
  cc -E -P -C  -DCI xzai501sp.prc.c  > /share_podf1_home/transfert_DEV/livraisons/SAE_451/proc/CI_xzai501sp.prc.sql
Attention : pas de drop dans cette procedure xzai502sp.prc 
un drop de la procedure est rajoute dans la precompil du fichier xzai502sp.prc 
  cc -E -P -C  -DCI xzai502sp.prc.c  > /share_podf1_home/transfert_DEV/livraisons/SAE_451/proc/CI_xzai502sp.prc.sql
  cc -E -P -C  -DCI xzai601sp.prc.c  > /share_podf1_home/transfert_DEV/livraisons/SAE_451/proc/CI_xzai601sp.prc.sql
Attention : pas de drop dans cette procedure xzai500sp.prc 
un drop de la procedure est rajoute dans la precompil du fichier xzai500sp.prc 
  cc -E -P -C  -DCI xzai500sp.prc.c  > /share_podf1_home/transfert_DEV/livraisons/SAE_451/proc/CI_xzai500sp.prc.sql
  cc -E -P -C  -DCI xzam08sp.prc.c  > /share_podf1_home/transfert_DEV/livraisons/SAE_451/proc/CI_xzam08sp.prc.sql
  cc -E -P -C  -DCI xzam12sp.prc.c  > /share_podf1_home/transfert_DEV/livraisons/SAE_451/proc/CI_xzam12sp.prc.sql
  cc -E -P -C  -DCI xzam1000sp.prc.c  > /share_podf1_home/transfert_DEV/livraisons/SAE_451/proc/CI_xzam1000sp.prc.sql
  cc -E -P -C  -DCI xzan45sp.prc.c  > /share_podf1_home/transfert_DEV/livraisons/SAE_451/proc/CI_xzan45sp.prc.sql
Attention : pas de drop dans cette procedure xzan19sp.prc 
un drop de la procedure est rajoute dans la precompil du fichier xzan19sp.prc 
  cc -E -P -C  -DCI xzan19sp.prc.c  > /share_podf1_home/transfert_DEV/livraisons/SAE_451/proc/CI_xzan19sp.prc.sql
  cc -E -P -C  -DCI xzan50sp.prc.c  > /share_podf1_home/transfert_DEV/livraisons/SAE_451/proc/CI_xzan50sp.prc.sql
Attention : pas de drop dans cette procedure xzao490sp.prc 
un drop de la procedure est rajoute dans la precompil du fichier xzao490sp.prc 
  cc -E -P -C  -DCI xzao490sp.prc.c  > /share_podf1_home/transfert_DEV/livraisons/SAE_451/proc/CI_xzao490sp.prc.sql
  cc -E -P -C  -DCI xzao491sp.prc.c  > /share_podf1_home/transfert_DEV/livraisons/SAE_451/proc/CI_xzao491sp.prc.sql
  cc -E -P -C  -DCI xzao492sp.prc.c  > /share_podf1_home/transfert_DEV/livraisons/SAE_451/proc/CI_xzao492sp.prc.sql
Attention : pas de drop dans cette procedure xzao493sp.prc 
un drop de la procedure est rajoute dans la precompil du fichier xzao493sp.prc 
  cc -E -P -C  -DCI xzao493sp.prc.c  > /share_podf1_home/transfert_DEV/livraisons/SAE_451/proc/CI_xzao493sp.prc.sql
  cc -E -P -C  -DCI xzao494sp.prc.c  > /share_podf1_home/transfert_DEV/livraisons/SAE_451/proc/CI_xzao494sp.prc.sql
  cc -E -P -C  -DCI xzao495sp.prc.c  > /share_podf1_home/transfert_DEV/livraisons/SAE_451/proc/CI_xzao495sp.prc.sql
  cc -E -P -C  -DCI xzao497sp.prc.c  > /share_podf1_home/transfert_DEV/livraisons/SAE_451/proc/CI_xzao497sp.prc.sql
  cc -E -P -C  -DCI xzao498sp.prc.c  > /share_podf1_home/transfert_DEV/livraisons/SAE_451/proc/CI_xzao498sp.prc.sql
  cc -E -P -C  -DCI xzao505sp.prc.c  > /share_podf1_home/transfert_DEV/livraisons/SAE_451/proc/CI_xzao505sp.prc.sql
  cc -E -P -C  -DCI xzao802sp.prc.c  > /share_podf1_home/transfert_DEV/livraisons/SAE_451/proc/CI_xzao802sp.prc.sql
  cc -E -P -C  -DCI xzao907sp.prc.c  > /share_podf1_home/transfert_DEV/livraisons/SAE_451/proc/CI_xzao907sp.prc.sql
  cc -E -P -C  -DCI xzao76sp.prc.c  > /share_podf1_home/transfert_DEV/livraisons/SAE_451/proc/CI_xzao76sp.prc.sql
  cc -E -P -C  -DCI xzao960sp.prc.c  > /share_podf1_home/transfert_DEV/livraisons/SAE_451/proc/CI_xzao960sp.prc.sql
  cc -E -P -C  -DCI xzao961sp.prc.c  > /share_podf1_home/transfert_DEV/livraisons/SAE_451/proc/CI_xzao961sp.prc.sql
  cc -E -P -C  -DCI xzao962sp.prc.c  > /share_podf1_home/transfert_DEV/livraisons/SAE_451/proc/CI_xzao962sp.prc.sql
  cc -E -P -C  -DCI xzao02sp.prc.c  > /share_podf1_home/transfert_DEV/livraisons/SAE_451/proc/CI_xzao02sp.prc.sql
  cc -E -P -C  -DCI xzao01sp.prc.c  > /share_podf1_home/transfert_DEV/livraisons/SAE_451/proc/CI_xzao01sp.prc.sql
  cc -E -P -C  -DCI xzao10sp.prc.c  > /share_podf1_home/transfert_DEV/livraisons/SAE_451/proc/CI_xzao10sp.prc.sql
  cc -E -P -C  -DCI xzao17sp.prc.c  > /share_podf1_home/transfert_DEV/livraisons/SAE_451/proc/CI_xzao17sp.prc.sql
  cc -E -P -C  -DCI xzao18sp.prc.c  > /share_podf1_home/transfert_DEV/livraisons/SAE_451/proc/CI_xzao18sp.prc.sql
  cc -E -P -C  -DCI xzao30sp.prc.c  > /share_podf1_home/transfert_DEV/livraisons/SAE_451/proc/CI_xzao30sp.prc.sql
Attention : pas de drop dans cette procedure xzao115sp.prc 
un drop de la procedure est rajoute dans la precompil du fichier xzao115sp.prc 
  cc -E -P -C  -DCI xzao115sp.prc.c  > /share_podf1_home/transfert_DEV/livraisons/SAE_451/proc/CI_xzao115sp.prc.sql
  cc -E -P -C  -DCI xzao123sp.prc.c  > /share_podf1_home/transfert_DEV/livraisons/SAE_451/proc/CI_xzao123sp.prc.sql
  cc -E -P -C  -DCI xzao136sp.prc.c  > /share_podf1_home/transfert_DEV/livraisons/SAE_451/proc/CI_xzao136sp.prc.sql
  cc -E -P -C  -DCI xzao501sp.prc.c  > /share_podf1_home/transfert_DEV/livraisons/SAE_451/proc/CI_xzao501sp.prc.sql
  cc -E -P -C  -DCI xzao452sp.prc.c  > /share_podf1_home/transfert_DEV/livraisons/SAE_451/proc/CI_xzao452sp.prc.sql
  cc -E -P -C  -DCI xzao453sp.prc.c  > /share_podf1_home/transfert_DEV/livraisons/SAE_451/proc/CI_xzao453sp.prc.sql
  cc -E -P -C  -DCI xzao454sp.prc.c  > /share_podf1_home/transfert_DEV/livraisons/SAE_451/proc/CI_xzao454sp.prc.sql
  cc -E -P -C  -DCI xzao2031sp.prc.c  > /share_podf1_home/transfert_DEV/livraisons/SAE_451/proc/CI_xzao2031sp.prc.sql
  cc -E -P -C  -DCI xzao220sp.prc.c  > /share_podf1_home/transfert_DEV/livraisons/SAE_451/proc/CI_xzao220sp.prc.sql
  cc -E -P -C  -DCI xzao223sp.prc.c  > /share_podf1_home/transfert_DEV/livraisons/SAE_451/proc/CI_xzao223sp.prc.sql
  cc -E -P -C  -DCI xzao224sp.prc.c  > /share_podf1_home/transfert_DEV/livraisons/SAE_451/proc/CI_xzao224sp.prc.sql
  cc -E -P -C  -DCI xzao225sp.prc.c  > /share_podf1_home/transfert_DEV/livraisons/SAE_451/proc/CI_xzao225sp.prc.sql
  cc -E -P -C  -DCI xzao250sp.prc.c  > /share_podf1_home/transfert_DEV/livraisons/SAE_451/proc/CI_xzao250sp.prc.sql
  cc -E -P -C  -DCI xzao251sp.prc.c  > /share_podf1_home/transfert_DEV/livraisons/SAE_451/proc/CI_xzao251sp.prc.sql
  cc -E -P -C  -DCI xzao301sp.prc.c  > /share_podf1_home/transfert_DEV/livraisons/SAE_451/proc/CI_xzao301sp.prc.sql
  cc -E -P -C  -DCI xzao306sp.prc.c  > /share_podf1_home/transfert_DEV/livraisons/SAE_451/proc/CI_xzao306sp.prc.sql
  cc -E -P -C  -DCI xzao310sp.prc.c  > /share_podf1_home/transfert_DEV/livraisons/SAE_451/proc/CI_xzao310sp.prc.sql
Attention : pas de drop dans cette procedure xzao316sp.prc 
un drop de la procedure est rajoute dans la precompil du fichier xzao316sp.prc 
  cc -E -P -C  -DCI xzao316sp.prc.c  > /share_podf1_home/transfert_DEV/livraisons/SAE_451/proc/CI_xzao316sp.prc.sql
  cc -E -P -C  -DCI xzao318sp.prc.c  > /share_podf1_home/transfert_DEV/livraisons/SAE_451/proc/CI_xzao318sp.prc.sql
  cc -E -P -C  -DCI xzao350sp.prc.c  > /share_podf1_home/transfert_DEV/livraisons/SAE_451/proc/CI_xzao350sp.prc.sql
  cc -E -P -C  -DCI xzao4001sp.prc.c  > /share_podf1_home/transfert_DEV/livraisons/SAE_451/proc/CI_xzao4001sp.prc.sql
  cc -E -P -C  -DCI xzao401sp.prc.c  > /share_podf1_home/transfert_DEV/livraisons/SAE_451/proc/CI_xzao401sp.prc.sql
  cc -E -P -C  -DCI xzao402sp.prc.c  > /share_podf1_home/transfert_DEV/livraisons/SAE_451/proc/CI_xzao402sp.prc.sql
  cc -E -P -C  -DCI xzao412sp.prc.c  > /share_podf1_home/transfert_DEV/livraisons/SAE_451/proc/CI_xzao412sp.prc.sql
Attention : pas de drop dans cette procedure xzao413sp.prc 
un drop de la procedure est rajoute dans la precompil du fichier xzao413sp.prc 
  cc -E -P -C  -DCI xzao413sp.prc.c  > /share_podf1_home/transfert_DEV/livraisons/SAE_451/proc/CI_xzao413sp.prc.sql
  cc -E -P -C  -DCI xzao414sp.prc.c  > /share_podf1_home/transfert_DEV/livraisons/SAE_451/proc/CI_xzao414sp.prc.sql
  cc -E -P -C  -DCI xzao419sp.prc.c  > /share_podf1_home/transfert_DEV/livraisons/SAE_451/proc/CI_xzao419sp.prc.sql
  cc -E -P -C  -DCI xzao423sp.prc.c  > /share_podf1_home/transfert_DEV/livraisons/SAE_451/proc/CI_xzao423sp.prc.sql
  cc -E -P -C  -DCI xzao424sp.prc.c  > /share_podf1_home/transfert_DEV/livraisons/SAE_451/proc/CI_xzao424sp.prc.sql
Attention : pas de drop dans cette procedure xzao425sp.prc 
un drop de la procedure est rajoute dans la precompil du fichier xzao425sp.prc 
  cc -E -P -C  -DCI xzao425sp.prc.c  > /share_podf1_home/transfert_DEV/livraisons/SAE_451/proc/CI_xzao425sp.prc.sql
  cc -E -P -C  -DCI xzao426sp.prc.c  > /share_podf1_home/transfert_DEV/livraisons/SAE_451/proc/CI_xzao426sp.prc.sql
  cc -E -P -C  -DCI xzao427sp.prc.c  > /share_podf1_home/transfert_DEV/livraisons/SAE_451/proc/CI_xzao427sp.prc.sql
  cc -E -P -C  -DCI xzao428sp.prc.c  > /share_podf1_home/transfert_DEV/livraisons/SAE_451/proc/CI_xzao428sp.prc.sql
Attention : pas de drop dans cette procedure xzao429sp.prc 
un drop de la procedure est rajoute dans la precompil du fichier xzao429sp.prc 
  cc -E -P -C  -DCI xzao429sp.prc.c  > /share_podf1_home/transfert_DEV/livraisons/SAE_451/proc/CI_xzao429sp.prc.sql
Attention : pas de drop dans cette procedure xzao430sp.prc 
un drop de la procedure est rajoute dans la precompil du fichier xzao430sp.prc 
  cc -E -P -C  -DCI xzao430sp.prc.c  > /share_podf1_home/transfert_DEV/livraisons/SAE_451/proc/CI_xzao430sp.prc.sql
Attention : pas de drop dans cette procedure xzao431sp.prc 
un drop de la procedure est rajoute dans la precompil du fichier xzao431sp.prc 
  cc -E -P -C  -DCI xzao431sp.prc.c  > /share_podf1_home/transfert_DEV/livraisons/SAE_451/proc/CI_xzao431sp.prc.sql
  cc -E -P -C  -DCI xzao432sp.prc.c  > /share_podf1_home/transfert_DEV/livraisons/SAE_451/proc/CI_xzao432sp.prc.sql
  cc -E -P -C  -DCI xzao440sp.prc.c  > /share_podf1_home/transfert_DEV/livraisons/SAE_451/proc/CI_xzao440sp.prc.sql
  cc -E -P -C  -DCI xzao441sp.prc.c  > /share_podf1_home/transfert_DEV/livraisons/SAE_451/proc/CI_xzao441sp.prc.sql
Attention : pas de drop dans cette procedure xzao442sp.prc 
un drop de la procedure est rajoute dans la precompil du fichier xzao442sp.prc 
  cc -E -P -C  -DCI xzao442sp.prc.c  > /share_podf1_home/transfert_DEV/livraisons/SAE_451/proc/CI_xzao442sp.prc.sql
  cc -E -P -C  -DCI xzao443sp.prc.c  > /share_podf1_home/transfert_DEV/livraisons/SAE_451/proc/CI_xzao443sp.prc.sql
  cc -E -P -C  -DCI xzao444sp.prc.c  > /share_podf1_home/transfert_DEV/livraisons/SAE_451/proc/CI_xzao444sp.prc.sql
  cc -E -P -C  -DCI xzao464sp.prc.c  > /share_podf1_home/transfert_DEV/livraisons/SAE_451/proc/CI_xzao464sp.prc.sql
  cc -E -P -C  -DCI xzao465sp.prc.c  > /share_podf1_home/transfert_DEV/livraisons/SAE_451/proc/CI_xzao465sp.prc.sql
  cc -E -P -C  -DCI xzao444sp.prc.c  > /share_podf1_home/transfert_DEV/livraisons/SAE_451/proc/CI_xzao444sp.prc.sql
  cc -E -P -C  -DCI xzao500sp.prc.c  > /share_podf1_home/transfert_DEV/livraisons/SAE_451/proc/CI_xzao500sp.prc.sql
Attention : pas de drop dans cette procedure xzao511sp.prc 
un drop de la procedure est rajoute dans la precompil du fichier xzao511sp.prc 
  cc -E -P -C  -DCI xzao511sp.prc.c  > /share_podf1_home/transfert_DEV/livraisons/SAE_451/proc/CI_xzao511sp.prc.sql
  cc -E -P -C  -DCI xzao550sp.prc.c  > /share_podf1_home/transfert_DEV/livraisons/SAE_451/proc/CI_xzao550sp.prc.sql
  cc -E -P -C  -DCI xzao551sp.prc.c  > /share_podf1_home/transfert_DEV/livraisons/SAE_451/proc/CI_xzao551sp.prc.sql
  cc -E -P -C  -DCI xzao555sp.prc.c  > /share_podf1_home/transfert_DEV/livraisons/SAE_451/proc/CI_xzao555sp.prc.sql
  cc -E -P -C  -DCI xzao556sp.prc.c  > /share_podf1_home/transfert_DEV/livraisons/SAE_451/proc/CI_xzao556sp.prc.sql
  cc -E -P -C  -DCI xzao557sp.prc.c  > /share_podf1_home/transfert_DEV/livraisons/SAE_451/proc/CI_xzao557sp.prc.sql
  cc -E -P -C  -DCI xzao558sp.prc.c  > /share_podf1_home/transfert_DEV/livraisons/SAE_451/proc/CI_xzao558sp.prc.sql
  cc -E -P -C  -DCI xzao561sp.prc.c  > /share_podf1_home/transfert_DEV/livraisons/SAE_451/proc/CI_xzao561sp.prc.sql
  cc -E -P -C  -DCI xzao563sp.prc.c  > /share_podf1_home/transfert_DEV/livraisons/SAE_451/proc/CI_xzao563sp.prc.sql
  cc -E -P -C  -DCI xzao570sp.prc.c  > /share_podf1_home/transfert_DEV/livraisons/SAE_451/proc/CI_xzao570sp.prc.sql
  cc -E -P -C  -DCI xzao573sp.prc.c  > /share_podf1_home/transfert_DEV/livraisons/SAE_451/proc/CI_xzao573sp.prc.sql
  cc -E -P -C  -DCI xzao574sp.prc.c  > /share_podf1_home/transfert_DEV/livraisons/SAE_451/proc/CI_xzao574sp.prc.sql
  cc -E -P -C  -DCI xzao575sp.prc.c  > /share_podf1_home/transfert_DEV/livraisons/SAE_451/proc/CI_xzao575sp.prc.sql
  cc -E -P -C  -DCI xzao576sp.prc.c  > /share_podf1_home/transfert_DEV/livraisons/SAE_451/proc/CI_xzao576sp.prc.sql
  cc -E -P -C  -DCI xzao577sp.prc.c  > /share_podf1_home/transfert_DEV/livraisons/SAE_451/proc/CI_xzao577sp.prc.sql
  cc -E -P -C  -DCI xzao611sp.prc.c  > /share_podf1_home/transfert_DEV/livraisons/SAE_451/proc/CI_xzao611sp.prc.sql
  cc -E -P -C  -DCI xzao651sp.prc.c  > /share_podf1_home/transfert_DEV/livraisons/SAE_451/proc/CI_xzao651sp.prc.sql
  cc -E -P -C  -DCI xzao780sp.prc.c  > /share_podf1_home/transfert_DEV/livraisons/SAE_451/proc/CI_xzao780sp.prc.sql
Attention : pas de drop dans cette procedure xzao801sp.prc 
un drop de la procedure est rajoute dans la precompil du fichier xzao801sp.prc 
  cc -E -P -C  -DCI xzao801sp.prc.c  > /share_podf1_home/transfert_DEV/livraisons/SAE_451/proc/CI_xzao801sp.prc.sql
  cc -E -P -C  -DCI xzao870sp.prc.c  > /share_podf1_home/transfert_DEV/livraisons/SAE_451/proc/CI_xzao870sp.prc.sql
  cc -E -P -C  -DCI xzao910sp.prc.c  > /share_podf1_home/transfert_DEV/livraisons/SAE_451/proc/CI_xzao910sp.prc.sql
  cc -E -P -C  -DCI xzao911sp.prc.c  > /share_podf1_home/transfert_DEV/livraisons/SAE_451/proc/CI_xzao911sp.prc.sql
  cc -E -P -C  -DCI xzao912sp.prc.c  > /share_podf1_home/transfert_DEV/livraisons/SAE_451/proc/CI_xzao912sp.prc.sql
  cc -E -P -C  -DCI xzao67sp.prc.c  > /share_podf1_home/transfert_DEV/livraisons/SAE_451/proc/CI_xzao67sp.prc.sql
  cc -E -P -C  -DCI xzao70sp.prc.c  > /share_podf1_home/transfert_DEV/livraisons/SAE_451/proc/CI_xzao70sp.prc.sql
  cc -E -P -C  -DCI xzao72sp.prc.c  > /share_podf1_home/transfert_DEV/livraisons/SAE_451/proc/CI_xzao72sp.prc.sql
  cc -E -P -C  -DCI xzao73sp.prc.c  > /share_podf1_home/transfert_DEV/livraisons/SAE_451/proc/CI_xzao73sp.prc.sql
  cc -E -P -C  -DCI xzao80sp.prc.c  > /share_podf1_home/transfert_DEV/livraisons/SAE_451/proc/CI_xzao80sp.prc.sql
  cc -E -P -C  -DCI xzao81sp.prc.c  > /share_podf1_home/transfert_DEV/livraisons/SAE_451/proc/CI_xzao81sp.prc.sql
  cc -E -P -C  -DCI xzao84sp.prc.c  > /share_podf1_home/transfert_DEV/livraisons/SAE_451/proc/CI_xzao84sp.prc.sql
  cc -E -P -C  -DCI xzao139sp.prc.c  > /share_podf1_home/transfert_DEV/livraisons/SAE_451/proc/CI_xzao139sp.prc.sql
  cc -E -P -C  -DCI xzao143sp.prc.c  > /share_podf1_home/transfert_DEV/livraisons/SAE_451/proc/CI_xzao143sp.prc.sql
  cc -E -P -C  -DCI xzao144sp.prc.c  > /share_podf1_home/transfert_DEV/livraisons/SAE_451/proc/CI_xzao144sp.prc.sql
  cc -E -P -C  -DCI xzao145sp.prc.c  > /share_podf1_home/transfert_DEV/livraisons/SAE_451/proc/CI_xzao145sp.prc.sql
  cc -E -P -C  -DCI xzao161sp.prc.c  > /share_podf1_home/transfert_DEV/livraisons/SAE_451/proc/CI_xzao161sp.prc.sql
  cc -E -P -C  -DCI xzao180sp.prc.c  > /share_podf1_home/transfert_DEV/livraisons/SAE_451/proc/CI_xzao180sp.prc.sql
  cc -E -P -C  -DCI xzao182sp.prc.c  > /share_podf1_home/transfert_DEV/livraisons/SAE_451/proc/CI_xzao182sp.prc.sql
  cc -E -P -C  -DCI xzao184sp.prc.c  > /share_podf1_home/transfert_DEV/livraisons/SAE_451/proc/CI_xzao184sp.prc.sql
  cc -E -P -C  -DCI xzao187sp.prc.c  > /share_podf1_home/transfert_DEV/livraisons/SAE_451/proc/CI_xzao187sp.prc.sql
  cc -E -P -C  -DCI xzao450sp.prc.c  > /share_podf1_home/transfert_DEV/livraisons/SAE_451/proc/CI_xzao450sp.prc.sql
  cc -E -P -C  -DCI xzao451sp.prc.c  > /share_podf1_home/transfert_DEV/livraisons/SAE_451/proc/CI_xzao451sp.prc.sql
  cc -E -P -C  -DCI xzao992sp.prc.c  > /share_podf1_home/transfert_DEV/livraisons/SAE_451/proc/CI_xzao992sp.prc.sql
  cc -E -P -C  -DCI xzao226sp.prc.c  > /share_podf1_home/transfert_DEV/livraisons/SAE_451/proc/CI_xzao226sp.prc.sql
  cc -E -P -C  -DCI xzao257sp.prc.c  > /share_podf1_home/transfert_DEV/livraisons/SAE_451/proc/CI_xzao257sp.prc.sql
  cc -E -P -C  -DCI xzao351sp.prc.c  > /share_podf1_home/transfert_DEV/livraisons/SAE_451/proc/CI_xzao351sp.prc.sql
  cc -E -P -C  -DCI xzao407sp.prc.c  > /share_podf1_home/transfert_DEV/livraisons/SAE_451/proc/CI_xzao407sp.prc.sql
  cc -E -P -C  -DCI xzao416sp.prc.c  > /share_podf1_home/transfert_DEV/livraisons/SAE_451/proc/CI_xzao416sp.prc.sql
  cc -E -P -C  -DCI xzao421sp.prc.c  > /share_podf1_home/transfert_DEV/livraisons/SAE_451/proc/CI_xzao421sp.prc.sql
  cc -E -P -C  -DCI xzao4290sp.prc.c  > /share_podf1_home/transfert_DEV/livraisons/SAE_451/proc/CI_xzao4290sp.prc.sql
  cc -E -P -C  -DCI xzao455sp.prc.c  > /share_podf1_home/transfert_DEV/livraisons/SAE_451/proc/CI_xzao455sp.prc.sql
  cc -E -P -C  -DCI xzao456sp.prc.c  > /share_podf1_home/transfert_DEV/livraisons/SAE_451/proc/CI_xzao456sp.prc.sql
Attention : pas de drop dans cette procedure xzao319sp.prc 
un drop de la procedure est rajoute dans la precompil du fichier xzao319sp.prc 
  cc -E -P -C  -DCI xzao319sp.prc.c  > /share_podf1_home/transfert_DEV/livraisons/SAE_451/proc/CI_xzao319sp.prc.sql
Attention : pas de drop dans cette procedure xzao259sp.prc 
un drop de la procedure est rajoute dans la precompil du fichier xzao259sp.prc 
  cc -E -P -C  -DCI xzao259sp.prc.c  > /share_podf1_home/transfert_DEV/livraisons/SAE_451/proc/CI_xzao259sp.prc.sql
  cc -E -P -C  -DCI xzao400sp.prc.c  > /share_podf1_home/transfert_DEV/livraisons/SAE_451/proc/CI_xzao400sp.prc.sql
  cc -E -P -C  -DCI xzao445sp.prc.c  > /share_podf1_home/transfert_DEV/livraisons/SAE_451/proc/CI_xzao445sp.prc.sql
  cc -E -P -C  -DCI xzao469sp.prc.c  > /share_podf1_home/transfert_DEV/livraisons/SAE_451/proc/CI_xzao469sp.prc.sql
  cc -E -P -C  -DCI xzao470sp.prc.c  > /share_podf1_home/transfert_DEV/livraisons/SAE_451/proc/CI_xzao470sp.prc.sql
  cc -E -P -C  -DCI xzao471sp.prc.c  > /share_podf1_home/transfert_DEV/livraisons/SAE_451/proc/CI_xzao471sp.prc.sql
  cc -E -P -C  -DCI xzao781sp.prc.c  > /share_podf1_home/transfert_DEV/livraisons/SAE_451/proc/CI_xzao781sp.prc.sql
  cc -E -P -C  -DCI xzao790sp.prc.c  > /share_podf1_home/transfert_DEV/livraisons/SAE_451/proc/CI_xzao790sp.prc.sql
Attention : pas de drop dans cette procedure xzao791sp.prc 
un drop de la procedure est rajoute dans la precompil du fichier xzao791sp.prc 
  cc -E -P -C  -DCI xzao791sp.prc.c  > /share_podf1_home/transfert_DEV/livraisons/SAE_451/proc/CI_xzao791sp.prc.sql
  cc -E -P -C  -DCI xzao819sp.prc.c  > /share_podf1_home/transfert_DEV/livraisons/SAE_451/proc/CI_xzao819sp.prc.sql
Attention : pas de drop dans cette procedure xzao825sp.prc 
un drop de la procedure est rajoute dans la precompil du fichier xzao825sp.prc 
  cc -E -P -C  -DCI xzao825sp.prc.c  > /share_podf1_home/transfert_DEV/livraisons/SAE_451/proc/CI_xzao825sp.prc.sql
  cc -E -P -C  -DCI xzao840sp.prc.c  > /share_podf1_home/transfert_DEV/livraisons/SAE_451/proc/CI_xzao840sp.prc.sql
  cc -E -P -C  -DCI xzao841sp.prc.c  > /share_podf1_home/transfert_DEV/livraisons/SAE_451/proc/CI_xzao841sp.prc.sql
  cc -E -P -C  -DCI xzao843sp.prc.c  > /share_podf1_home/transfert_DEV/livraisons/SAE_451/proc/CI_xzao843sp.prc.sql
  cc -E -P -C  -DCI xzao861sp.prc.c  > /share_podf1_home/transfert_DEV/livraisons/SAE_451/proc/CI_xzao861sp.prc.sql
  cc -E -P -C  -DCI xzao871sp.prc.c  > /share_podf1_home/transfert_DEV/livraisons/SAE_451/proc/CI_xzao871sp.prc.sql
  cc -E -P -C  -DCI xzao13sp.prc.c  > /share_podf1_home/transfert_DEV/livraisons/SAE_451/proc/CI_xzao13sp.prc.sql
  cc -E -P -C  -DCI xzao111sp.prc.c  > /share_podf1_home/transfert_DEV/livraisons/SAE_451/proc/CI_xzao111sp.prc.sql
  cc -E -P -C  -DCI xzao150sp.prc.c  > /share_podf1_home/transfert_DEV/livraisons/SAE_451/proc/CI_xzao150sp.prc.sql
  cc -E -P -C  -DCI xzao209sp.prc.c  > /share_podf1_home/transfert_DEV/livraisons/SAE_451/proc/CI_xzao209sp.prc.sql
  cc -E -P -C  -DCI xzao210sp.prc.c  > /share_podf1_home/transfert_DEV/livraisons/SAE_451/proc/CI_xzao210sp.prc.sql
  cc -E -P -C  -DCI xzao231sp.prc.c  > /share_podf1_home/transfert_DEV/livraisons/SAE_451/proc/CI_xzao231sp.prc.sql
  cc -E -P -C  -DCI xzao409sp.prc.c  > /share_podf1_home/transfert_DEV/livraisons/SAE_451/proc/CI_xzao409sp.prc.sql
Attention : pas de drop dans cette procedure xzao420sp.prc 
un drop de la procedure est rajoute dans la precompil du fichier xzao420sp.prc 
  cc -E -P -C  -DCI xzao420sp.prc.c  > /share_podf1_home/transfert_DEV/livraisons/SAE_451/proc/CI_xzao420sp.prc.sql
  cc -E -P -C  -DCI xzao437sp.prc.c  > /share_podf1_home/transfert_DEV/livraisons/SAE_451/proc/CI_xzao437sp.prc.sql
  cc -E -P -C  -DCI xzao811sp.prc.c  > /share_podf1_home/transfert_DEV/livraisons/SAE_451/proc/CI_xzao811sp.prc.sql
  cc -E -P -C  -DCI xzap85sp.prc.c  > /share_podf1_home/transfert_DEV/livraisons/SAE_451/proc/CI_xzap85sp.prc.sql
  cc -E -P -C  -DCI xzap36sp.prc.c  > /share_podf1_home/transfert_DEV/livraisons/SAE_451/proc/CI_xzap36sp.prc.sql
  cc -E -P -C  -DCI xzap86sp.prc.c  > /share_podf1_home/transfert_DEV/livraisons/SAE_451/proc/CI_xzap86sp.prc.sql
  cc -E -P -C  -DCI xzap07sp.prc.c  > /share_podf1_home/transfert_DEV/livraisons/SAE_451/proc/CI_xzap07sp.prc.sql
  cc -E -P -C  -DCI xzap08sp.prc.c  > /share_podf1_home/transfert_DEV/livraisons/SAE_451/proc/CI_xzap08sp.prc.sql
  cc -E -P -C  -DCI xzap09sp.prc.c  > /share_podf1_home/transfert_DEV/livraisons/SAE_451/proc/CI_xzap09sp.prc.sql
  cc -E -P -C  -DCI xzap17sp.prc.c  > /share_podf1_home/transfert_DEV/livraisons/SAE_451/proc/CI_xzap17sp.prc.sql
  cc -E -P -C  -DCI xzap18sp.prc.c  > /share_podf1_home/transfert_DEV/livraisons/SAE_451/proc/CI_xzap18sp.prc.sql
  cc -E -P -C  -DCI xzap27sp.prc.c  > /share_podf1_home/transfert_DEV/livraisons/SAE_451/proc/CI_xzap27sp.prc.sql
  cc -E -P -C  -DCI xzap26sp.prc.c  > /share_podf1_home/transfert_DEV/livraisons/SAE_451/proc/CI_xzap26sp.prc.sql
  cc -E -P -C  -DCI xzap130sp.prc.c  > /share_podf1_home/transfert_DEV/livraisons/SAE_451/proc/CI_xzap130sp.prc.sql
  cc -E -P -C  -DCI xzap28sp.prc.c  > /share_podf1_home/transfert_DEV/livraisons/SAE_451/proc/CI_xzap28sp.prc.sql
  cc -E -P -C  -DCI xzap29sp.prc.c  > /share_podf1_home/transfert_DEV/livraisons/SAE_451/proc/CI_xzap29sp.prc.sql
  cc -E -P -C  -DCI xzap30sp.prc.c  > /share_podf1_home/transfert_DEV/livraisons/SAE_451/proc/CI_xzap30sp.prc.sql
  cc -E -P -C  -DCI xzap31sp.prc.c  > /share_podf1_home/transfert_DEV/livraisons/SAE_451/proc/CI_xzap31sp.prc.sql
  cc -E -P -C  -DCI xzap32sp.prc.c  > /share_podf1_home/transfert_DEV/livraisons/SAE_451/proc/CI_xzap32sp.prc.sql
  cc -E -P -C  -DCI xzap33sp.prc.c  > /share_podf1_home/transfert_DEV/livraisons/SAE_451/proc/CI_xzap33sp.prc.sql
  cc -E -P -C  -DCI xzap36sp.prc.c  > /share_podf1_home/transfert_DEV/livraisons/SAE_451/proc/CI_xzap36sp.prc.sql
Attention : pas de drop dans cette procedure xzap131sp.prc 
un drop de la procedure est rajoute dans la precompil du fichier xzap131sp.prc 
  cc -E -P -C  -DCI xzap131sp.prc.c  > /share_podf1_home/transfert_DEV/livraisons/SAE_451/proc/CI_xzap131sp.prc.sql
  cc -E -P -C  -DCI xzap180sp.prc.c  > /share_podf1_home/transfert_DEV/livraisons/SAE_451/proc/CI_xzap180sp.prc.sql
  cc -E -P -C  -DCI xzap34sp.prc.c  > /share_podf1_home/transfert_DEV/livraisons/SAE_451/proc/CI_xzap34sp.prc.sql
  cc -E -P -C  -DCI xzap64sp.prc.c  > /share_podf1_home/transfert_DEV/livraisons/SAE_451/proc/CI_xzap64sp.prc.sql
  cc -E -P -C  -DCI xzap70sp.prc.c  > /share_podf1_home/transfert_DEV/livraisons/SAE_451/proc/CI_xzap70sp.prc.sql
  cc -E -P -C  -DCI xzap02sp.prc.c  > /share_podf1_home/transfert_DEV/livraisons/SAE_451/proc/CI_xzap02sp.prc.sql
  cc -E -P -C  -DCI xzap11sp.prc.c  > /share_podf1_home/transfert_DEV/livraisons/SAE_451/proc/CI_xzap11sp.prc.sql
  cc -E -P -C  -DCI xzap50sp.prc.c  > /share_podf1_home/transfert_DEV/livraisons/SAE_451/proc/CI_xzap50sp.prc.sql
  cc -E -P -C  -DCI xzap63sp.prc.c  > /share_podf1_home/transfert_DEV/livraisons/SAE_451/proc/CI_xzap63sp.prc.sql
  cc -E -P -C  -DCI xzap83sp.prc.c  > /share_podf1_home/transfert_DEV/livraisons/SAE_451/proc/CI_xzap83sp.prc.sql
  cc -E -P -C  -DCI xzap82sp.prc.c  > /share_podf1_home/transfert_DEV/livraisons/SAE_451/proc/CI_xzap82sp.prc.sql
Attention : pas de drop dans cette procedure xzas53sp.prc 
un drop de la procedure est rajoute dans la precompil du fichier xzas53sp.prc 
  cc -E -P -C  -DCI xzas53sp.prc.c  > /share_podf1_home/transfert_DEV/livraisons/SAE_451/proc/CI_xzas53sp.prc.sql
  cc -E -P -C  -DCI xzas13sp.prc.c  > /share_podf1_home/transfert_DEV/livraisons/SAE_451/proc/CI_xzas13sp.prc.sql
Attention : pas de drop dans cette procedure xzas53sp.prc 
un drop de la procedure est rajoute dans la precompil du fichier xzas53sp.prc 
  cc -E -P -C  -DCI xzas53sp.prc.c  > /share_podf1_home/transfert_DEV/livraisons/SAE_451/proc/CI_xzas53sp.prc.sql
  cc -E -P -C  -DCI xzas10sp.prc.c  > /share_podf1_home/transfert_DEV/livraisons/SAE_451/proc/CI_xzas10sp.prc.sql
Attention : pas de drop dans cette procedure xzas11sp.prc 
un drop de la procedure est rajoute dans la precompil du fichier xzas11sp.prc 
  cc -E -P -C  -DCI xzas11sp.prc.c  > /share_podf1_home/transfert_DEV/livraisons/SAE_451/proc/CI_xzas11sp.prc.sql
Attention : pas de drop dans cette procedure xzas12sp.prc 
un drop de la procedure est rajoute dans la precompil du fichier xzas12sp.prc 
  cc -E -P -C  -DCI xzas12sp.prc.c  > /share_podf1_home/transfert_DEV/livraisons/SAE_451/proc/CI_xzas12sp.prc.sql
Attention : pas de drop dans cette procedure xzas14sp.prc 
un drop de la procedure est rajoute dans la precompil du fichier xzas14sp.prc 
  cc -E -P -C  -DCI xzas14sp.prc.c  > /share_podf1_home/transfert_DEV/livraisons/SAE_451/proc/CI_xzas14sp.prc.sql
Attention : pas de drop dans cette procedure xzas50sp.prc 
un drop de la procedure est rajoute dans la precompil du fichier xzas50sp.prc 
  cc -E -P -C  -DCI xzas50sp.prc.c  > /share_podf1_home/transfert_DEV/livraisons/SAE_451/proc/CI_xzas50sp.prc.sql
Attention : pas de drop dans cette procedure xzas51sp.prc 
un drop de la procedure est rajoute dans la precompil du fichier xzas51sp.prc 
  cc -E -P -C  -DCI xzas51sp.prc.c  > /share_podf1_home/transfert_DEV/livraisons/SAE_451/proc/CI_xzas51sp.prc.sql
Attention : pas de drop dans cette procedure xzas54sp.prc 
un drop de la procedure est rajoute dans la precompil du fichier xzas54sp.prc 
  cc -E -P -C  -DCI xzas54sp.prc.c  > /share_podf1_home/transfert_DEV/livraisons/SAE_451/proc/CI_xzas54sp.prc.sql
Attention : pas de drop dans cette procedure xzas52sp.prc 
un drop de la procedure est rajoute dans la precompil du fichier xzas52sp.prc 
  cc -E -P -C  -DCI xzas52sp.prc.c  > /share_podf1_home/transfert_DEV/livraisons/SAE_451/proc/CI_xzas52sp.prc.sql
Attention : pas de drop dans cette procedure xzas62sp.prc 
un drop de la procedure est rajoute dans la precompil du fichier xzas62sp.prc 
  cc -E -P -C  -DCI xzas62sp.prc.c  > /share_podf1_home/transfert_DEV/livraisons/SAE_451/proc/CI_xzas62sp.prc.sql
Attention : pas de drop dans cette procedure xzas60sp.prc 
un drop de la procedure est rajoute dans la precompil du fichier xzas60sp.prc 
  cc -E -P -C  -DCI xzas60sp.prc.c  > /share_podf1_home/transfert_DEV/livraisons/SAE_451/proc/CI_xzas60sp.prc.sql
Attention : pas de drop dans cette procedure xzas70sp.prc 
un drop de la procedure est rajoute dans la precompil du fichier xzas70sp.prc 
  cc -E -P -C  -DCI xzas70sp.prc.c  > /share_podf1_home/transfert_DEV/livraisons/SAE_451/proc/CI_xzas70sp.prc.sql
Attention : pas de drop dans cette procedure xzas58sp.prc 
un drop de la procedure est rajoute dans la precompil du fichier xzas58sp.prc 
  cc -E -P -C  -DCI xzas58sp.prc.c  > /share_podf1_home/transfert_DEV/livraisons/SAE_451/proc/CI_xzas58sp.prc.sql
Attention : pas de drop dans cette procedure xzas59sp.prc 
un drop de la procedure est rajoute dans la precompil du fichier xzas59sp.prc 
  cc -E -P -C  -DCI xzas59sp.prc.c  > /share_podf1_home/transfert_DEV/livraisons/SAE_451/proc/CI_xzas59sp.prc.sql
Attention : pas de drop dans cette procedure xzas80sp.prc 
un drop de la procedure est rajoute dans la precompil du fichier xzas80sp.prc 
  cc -E -P -C  -DCI xzas80sp.prc.c  > /share_podf1_home/transfert_DEV/livraisons/SAE_451/proc/CI_xzas80sp.prc.sql
Attention : pas de drop dans cette procedure xzas81sp.prc 
un drop de la procedure est rajoute dans la precompil du fichier xzas81sp.prc 
  cc -E -P -C  -DCI xzas81sp.prc.c  > /share_podf1_home/transfert_DEV/livraisons/SAE_451/proc/CI_xzas81sp.prc.sql
Attention : pas de drop dans cette procedure xzas82sp.prc 
un drop de la procedure est rajoute dans la precompil du fichier xzas82sp.prc 
  cc -E -P -C  -DCI xzas82sp.prc.c  > /share_podf1_home/transfert_DEV/livraisons/SAE_451/proc/CI_xzas82sp.prc.sql
  cc -E -P -C  -DCI xzas83sp.prc.c  > /share_podf1_home/transfert_DEV/livraisons/SAE_451/proc/CI_xzas83sp.prc.sql
Attention : pas de drop dans cette procedure xzas84sp.prc 
un drop de la procedure est rajoute dans la precompil du fichier xzas84sp.prc 
  cc -E -P -C  -DCI xzas84sp.prc.c  > /share_podf1_home/transfert_DEV/livraisons/SAE_451/proc/CI_xzas84sp.prc.sql
Attention : pas de drop dans cette procedure xzas85sp.prc 
un drop de la procedure est rajoute dans la precompil du fichier xzas85sp.prc 
  cc -E -P -C  -DCI xzas85sp.prc.c  > /share_podf1_home/transfert_DEV/livraisons/SAE_451/proc/CI_xzas85sp.prc.sql
Attention : pas de drop dans cette procedure xzas86sp.prc 
un drop de la procedure est rajoute dans la precompil du fichier xzas86sp.prc 
  cc -E -P -C  -DCI xzas86sp.prc.c  > /share_podf1_home/transfert_DEV/livraisons/SAE_451/proc/CI_xzas86sp.prc.sql
Attention : pas de drop dans cette procedure xzas87sp.prc 
un drop de la procedure est rajoute dans la precompil du fichier xzas87sp.prc 
  cc -E -P -C  -DCI xzas87sp.prc.c  > /share_podf1_home/transfert_DEV/livraisons/SAE_451/proc/CI_xzas87sp.prc.sql
  cc -E -P -C  -DCI xzas88sp.prc.c  > /share_podf1_home/transfert_DEV/livraisons/SAE_451/proc/CI_xzas88sp.prc.sql
  cc -E -P -C  -DCI xzas91sp.prc.c  > /share_podf1_home/transfert_DEV/livraisons/SAE_451/proc/CI_xzas91sp.prc.sql
  cc -E -P -C  -DCI xzas100sp.prc.c  > /share_podf1_home/transfert_DEV/livraisons/SAE_451/proc/CI_xzas100sp.prc.sql
  cc -E -P -C  -DCI xzas101sp.prc.c  > /share_podf1_home/transfert_DEV/livraisons/SAE_451/proc/CI_xzas101sp.prc.sql
  cc -E -P -C  -DCI xzas540sp.prc.c  > /share_podf1_home/transfert_DEV/livraisons/SAE_451/proc/CI_xzas540sp.prc.sql
  cc -E -P -C  -DCI xzat050sp.prc.c  > /share_podf1_home/transfert_DEV/livraisons/SAE_451/proc/CI_xzat050sp.prc.sql
  cc -E -P -C  -DCI xzat060sp.prc.c  > /share_podf1_home/transfert_DEV/livraisons/SAE_451/proc/CI_xzat060sp.prc.sql
  cc -E -P -C  -DCI xzat35sp.prc.c  > /share_podf1_home/transfert_DEV/livraisons/SAE_451/proc/CI_xzat35sp.prc.sql
  cc -E -P -C  -DCI xzat53sp.prc.c  > /share_podf1_home/transfert_DEV/livraisons/SAE_451/proc/CI_xzat53sp.prc.sql
  cc -E -P -C  -DCI xzat51sp.prc.c  > /share_podf1_home/transfert_DEV/livraisons/SAE_451/proc/CI_xzat51sp.prc.sql
  cc -E -P -C  -DCI xzat36sp.prc.c  > /share_podf1_home/transfert_DEV/livraisons/SAE_451/proc/CI_xzat36sp.prc.sql
  cc -E -P -C  -DCI xzat280sp.prc.c  > /share_podf1_home/transfert_DEV/livraisons/SAE_451/proc/CI_xzat280sp.prc.sql
  cc -E -P -C  -DCI xzat066sp.prc.c  > /share_podf1_home/transfert_DEV/livraisons/SAE_451/proc/CI_xzat066sp.prc.sql
  cc -E -P -C  -DCI xzat540sp.prc.c  > /share_podf1_home/transfert_DEV/livraisons/SAE_451/proc/CI_xzat540sp.prc.sql
  cc -E -P -C  -DCI xzat067sp.prc.c  > /share_podf1_home/transfert_DEV/livraisons/SAE_451/proc/CI_xzat067sp.prc.sql
  cc -E -P -C  -DCI xzat550sp.prc.c  > /share_podf1_home/transfert_DEV/livraisons/SAE_451/proc/CI_xzat550sp.prc.sql
  cc -E -P -C  -DCI xzat05sp.prc.c  > /share_podf1_home/transfert_DEV/livraisons/SAE_451/proc/CI_xzat05sp.prc.sql
  cc -E -P -C  -DCI xzat40sp.prc.c  > /share_podf1_home/transfert_DEV/livraisons/SAE_451/proc/CI_xzat40sp.prc.sql
  cc -E -P -C  -DCI xzat41sp.prc.c  > /share_podf1_home/transfert_DEV/livraisons/SAE_451/proc/CI_xzat41sp.prc.sql
  cc -E -P -C  -DCI xzat42sp.prc.c  > /share_podf1_home/transfert_DEV/livraisons/SAE_451/proc/CI_xzat42sp.prc.sql
  cc -E -P -C  -DCI xzat43sp.prc.c  > /share_podf1_home/transfert_DEV/livraisons/SAE_451/proc/CI_xzat43sp.prc.sql
  cc -E -P -C  -DCI xzat44sp.prc.c  > /share_podf1_home/transfert_DEV/livraisons/SAE_451/proc/CI_xzat44sp.prc.sql
  cc -E -P -C  -DCI xzat45sp.prc.c  > /share_podf1_home/transfert_DEV/livraisons/SAE_451/proc/CI_xzat45sp.prc.sql
  cc -E -P -C  -DCI xzat45sp.prc.c  > /share_podf1_home/transfert_DEV/livraisons/SAE_451/proc/CI_xzat45sp.prc.sql
  cc -E -P -C  -DCI xzat100sp.prc.c  > /share_podf1_home/transfert_DEV/livraisons/SAE_451/proc/CI_xzat100sp.prc.sql
  cc -E -P -C  -DCI xzat250sp.prc.c  > /share_podf1_home/transfert_DEV/livraisons/SAE_451/proc/CI_xzat250sp.prc.sql
  cc -E -P -C  -DCI xzat520sp.prc.c  > /share_podf1_home/transfert_DEV/livraisons/SAE_451/proc/CI_xzat520sp.prc.sql
  cc -E -P -C  -DCI xzat60sp.prc.c  > /share_podf1_home/transfert_DEV/livraisons/SAE_451/proc/CI_xzat60sp.prc.sql
  cc -E -P -C  -DCI xzat61sp.prc.c  > /share_podf1_home/transfert_DEV/livraisons/SAE_451/proc/CI_xzat61sp.prc.sql
  cc -E -P -C  -DCI xzat62sp.prc.c  > /share_podf1_home/transfert_DEV/livraisons/SAE_451/proc/CI_xzat62sp.prc.sql
  cc -E -P -C  -DCI xzat63sp.prc.c  > /share_podf1_home/transfert_DEV/livraisons/SAE_451/proc/CI_xzat63sp.prc.sql
  cc -E -P -C  -DCI xzat65sp.prc.c  > /share_podf1_home/transfert_DEV/livraisons/SAE_451/proc/CI_xzat65sp.prc.sql
  cc -E -P -C  -DCI xzat66sp.prc.c  > /share_podf1_home/transfert_DEV/livraisons/SAE_451/proc/CI_xzat66sp.prc.sql
  cc -E -P -C  -DCI xzat67sp.prc.c  > /share_podf1_home/transfert_DEV/livraisons/SAE_451/proc/CI_xzat67sp.prc.sql
  cc -E -P -C  -DCI xzat68sp.prc.c  > /share_podf1_home/transfert_DEV/livraisons/SAE_451/proc/CI_xzat68sp.prc.sql
  cc -E -P -C  -DCI xzat70sp.prc.c  > /share_podf1_home/transfert_DEV/livraisons/SAE_451/proc/CI_xzat70sp.prc.sql
  cc -E -P -C  -DCI xzat71sp.prc.c  > /share_podf1_home/transfert_DEV/livraisons/SAE_451/proc/CI_xzat71sp.prc.sql
  cc -E -P -C  -DCI xzat72sp.prc.c  > /share_podf1_home/transfert_DEV/livraisons/SAE_451/proc/CI_xzat72sp.prc.sql
  cc -E -P -C  -DCI xzat73sp.prc.c  > /share_podf1_home/transfert_DEV/livraisons/SAE_451/proc/CI_xzat73sp.prc.sql
  cc -E -P -C  -DCI xzat75sp.prc.c  > /share_podf1_home/transfert_DEV/livraisons/SAE_451/proc/CI_xzat75sp.prc.sql
  cc -E -P -C  -DCI xzat76sp.prc.c  > /share_podf1_home/transfert_DEV/livraisons/SAE_451/proc/CI_xzat76sp.prc.sql
  cc -E -P -C  -DCI xzat77sp.prc.c  > /share_podf1_home/transfert_DEV/livraisons/SAE_451/proc/CI_xzat77sp.prc.sql
  cc -E -P -C  -DCI xzat78sp.prc.c  > /share_podf1_home/transfert_DEV/livraisons/SAE_451/proc/CI_xzat78sp.prc.sql
  cc -E -P -C  -DCI xzat150sp.prc.c  > /share_podf1_home/transfert_DEV/livraisons/SAE_451/proc/CI_xzat150sp.prc.sql
Attention : pas de drop dans cette procedure xzat30sp.prc 
un drop de la procedure est rajoute dans la precompil du fichier xzat30sp.prc 
  cc -E -P -C  -DCI xzat30sp.prc.c  > /share_podf1_home/transfert_DEV/livraisons/SAE_451/proc/CI_xzat30sp.prc.sql
  cc -E -P -C  -DCI xzat530sp.prc.c  > /share_podf1_home/transfert_DEV/livraisons/SAE_451/proc/CI_xzat530sp.prc.sql
  cc -E -P -C  -DCI xzat010sp.prc.c  > /share_podf1_home/transfert_DEV/livraisons/SAE_451/proc/CI_xzat010sp.prc.sql
  cc -E -P -C  -DCI xzat065sp.prc.c  > /share_podf1_home/transfert_DEV/livraisons/SAE_451/proc/CI_xzat065sp.prc.sql
  cc -E -P -C  -DCI xzat251sp.prc.c  > /share_podf1_home/transfert_DEV/livraisons/SAE_451/proc/CI_xzat251sp.prc.sql
Attention : pas de drop dans cette procedure xzat31sp.prc 
un drop de la procedure est rajoute dans la precompil du fichier xzat31sp.prc 
  cc -E -P -C  -DCI xzat31sp.prc.c  > /share_podf1_home/transfert_DEV/livraisons/SAE_451/proc/CI_xzat31sp.prc.sql
  cc -E -P -C  -DCI xzau111sp.prc.c  > /share_podf1_home/transfert_DEV/livraisons/SAE_451/proc/CI_xzau111sp.prc.sql
  cc -E -P -C  -DCI xzax01sp.prc.c  > /share_podf1_home/transfert_DEV/livraisons/SAE_451/proc/CI_xzax01sp.prc.sql
  cc -E -P -C  -DCI xzax02sp.prc.c  > /share_podf1_home/transfert_DEV/livraisons/SAE_451/proc/CI_xzax02sp.prc.sql
  cc -E -P -C  -DCI xzax03sp.prc.c  > /share_podf1_home/transfert_DEV/livraisons/SAE_451/proc/CI_xzax03sp.prc.sql
  cc -E -P -C  -DCI xzav01sp.prc.c  > /share_podf1_home/transfert_DEV/livraisons/SAE_451/proc/CI_xzav01sp.prc.sql
  cc -E -P -C  -DCI xzav02sp.prc.c  > /share_podf1_home/transfert_DEV/livraisons/SAE_451/proc/CI_xzav02sp.prc.sql
  cc -E -P -C  -DCI xzav04sp.prc.c  > /share_podf1_home/transfert_DEV/livraisons/SAE_451/proc/CI_xzav04sp.prc.sql
